#
# A fatal error has been detected by the Java Runtime Environment:
#
#  EXCEPTION_ACCESS_VIOLATION (0xc0000005) at pc=0x00007ffce7877d8f, pid=13448, tid=16120
#
# JRE version: OpenJDK Runtime Environment Temurin-21.0.5+11 (21.0.5+11) (build 21.0.5+11-LTS)
# Java VM: OpenJDK 64-Bit Server VM Temurin-21.0.5+11 (21.0.5+11-LTS, mixed mode, emulated-client, sharing, tiered, compressed oops, compressed class ptrs, g1 gc, windows-amd64)
# Problematic frame:
# V  [jvm.dll+0x357d8f]
#
# No core dump will be written. Minidumps are not enabled by default on client versions of Windows
#
# If you would like to submit a bug report, please visit:
#   https://github.com/adoptium/adoptium-support/issues
#

---------------  S U M M A R Y ------------

Command Line: -XX:+ShowCodeDetailsInExceptionMessages -agentlib:jdwp=transport=dt_socket,suspend=y,address=localhost:63889 -Dcom.sun.management.jmxremote -Dcom.sun.management.jmxremote.port=63888 -Dcom.sun.management.jmxremote.authenticate=false -Dcom.sun.management.jmxremote.ssl=false -Djava.rmi.server.hostname=localhost -Dspring.jmx.enabled=true -Dmanagement.endpoints.jmx.exposure.include=* -Dspring.application.admin.enabled=true -XX:TieredStopAtLevel=1 -Dspring.boot.project.name=project1 -javaagent:G:\JAVA SOFTWER\softwer tools\sts-4.27.0.RELEASE\configuration\org.eclipse.osgi\275\0\.cp\lib\javaagent-shaded.jar -Dfile.encoding=UTF-8 -Dstdout.encoding=UTF-8 -Dstderr.encoding=UTF-8 com.designpoint.project1.Project1Application --spring.output.ansi.enabled=always

Host: Intel(R) Core(TM) i5-8400 CPU @ 2.80GHz, 6 cores, 15G,  Windows 11 , 64 bit Build 22000 (10.0.22000.2538)
Time: Thu Apr  3 19:26:52 2025 India Standard Time elapsed time: 301.168399 seconds (0d 0h 5m 1s)

---------------  T H R E A D  ---------------

Current thread (0x0000020068a1dbb0):  WorkerThread "GC Thread#1"    [id=16120, stack(0x000000021f300000,0x000000021f400000) (1024K)]

Stack: [0x000000021f300000,0x000000021f400000],  sp=0x000000021f3fdeb0,  free space=1015k
Native frames: (J=compiled Java code, j=interpreted, Vv=VM code, C=native code)
V  [jvm.dll+0x357d8f]
V  [jvm.dll+0x3662a4]
V  [jvm.dll+0x314b1b]
V  [jvm.dll+0x31456d]
V  [jvm.dll+0x3eec75]
V  [jvm.dll+0x851846]
V  [jvm.dll+0x85b6a1]
V  [jvm.dll+0x36699a]
V  [jvm.dll+0x36682a]
V  [jvm.dll+0x36e0e4]
V  [jvm.dll+0x36e25b]
V  [jvm.dll+0x8d5807]
V  [jvm.dll+0x8514fb]
V  [jvm.dll+0x6cbbed]
C  [ucrtbase.dll+0x26c0c]
C  [KERNEL32.DLL+0x153e0]
C  [ntdll.dll+0x485b]

JavaThread 0x000002006bdc95e0 (nid = 11140) was being processed
Java frames: (J=compiled Java code, j=interpreted, Vv=VM code)
j  java.lang.invoke.DirectMethodHandle$Holder.newInvokeSpecial(Ljava/lang/Object;)Ljava/lang/Object;+15 java.base@21.0.5
J 912 c1 jdk.internal.reflect.DirectConstructorHandleAccessor.newInstance([Ljava/lang/Object;)Ljava/lang/Object; java.base@21.0.5 (130 bytes) @ 0x00000200599f816c [0x00000200599f7f60+0x000000000000020c]
J 888 c1 java.lang.reflect.Constructor.newInstanceWithCaller([Ljava/lang/Object;ZLjava/lang/Class;)Ljava/lang/Object; java.base@21.0.5 (51 bytes) @ 0x00000200599603bc [0x00000200599602e0+0x00000000000000dc]
J 3455 c1 org.springframework.beans.BeanUtils.instantiateClass(Ljava/lang/reflect/Constructor;[Ljava/lang/Object;)Ljava/lang/Object; (208 bytes) @ 0x0000020059e76c84 [0x0000020059e76700+0x0000000000000584]
j  org.springframework.beans.factory.support.SimpleInstantiationStrategy.instantiate(Lorg/springframework/beans/factory/support/RootBeanDefinition;Ljava/lang/String;Lorg/springframework/beans/factory/BeanFactory;)Ljava/lang/Object;+111
j  org.springframework.beans.factory.support.AbstractAutowireCapableBeanFactory.instantiateBean(Ljava/lang/String;Lorg/springframework/beans/factory/support/RootBeanDefinition;)Lorg/springframework/beans/BeanWrapper;+7
j  org.springframework.beans.factory.support.AbstractAutowireCapableBeanFactory.createBeanInstance(Ljava/lang/String;Lorg/springframework/beans/factory/support/RootBeanDefinition;[Ljava/lang/Object;)Lorg/springframework/beans/BeanWrapper;+241
j  org.springframework.beans.factory.support.AbstractAutowireCapableBeanFactory.doCreateBean(Ljava/lang/String;Lorg/springframework/beans/factory/support/RootBeanDefinition;[Ljava/lang/Object;)Ljava/lang/Object;+34
j  org.springframework.beans.factory.support.AbstractAutowireCapableBeanFactory.createBean(Ljava/lang/String;Lorg/springframework/beans/factory/support/RootBeanDefinition;[Ljava/lang/Object;)Ljava/lang/Object;+153
j  org.springframework.beans.factory.support.AbstractBeanFactory.lambda$doGetBean$0(Ljava/lang/String;Lorg/springframework/beans/factory/support/RootBeanDefinition;[Ljava/lang/Object;)Ljava/lang/Object;+4
j  org.springframework.beans.factory.support.AbstractBeanFactory$$Lambda+0x000002000127cfc8.getObject()Ljava/lang/Object;+16
J 6049 c1 org.springframework.beans.factory.support.DefaultSingletonBeanRegistry.getSingleton(Ljava/lang/String;Lorg/springframework/beans/factory/ObjectFactory;)Ljava/lang/Object; (1013 bytes) @ 0x000002005a2a1eb4 [0x000002005a2a10e0+0x0000000000000dd4]
J 3229 c1 org.springframework.beans.factory.support.AbstractBeanFactory.doGetBean(Ljava/lang/String;Ljava/lang/Class;[Ljava/lang/Object;Z)Ljava/lang/Object; (787 bytes) @ 0x0000020059e0ff2c [0x0000020059e0f8a0+0x000000000000068c]
J 6073 c1 org.springframework.beans.factory.support.DefaultListableBeanFactory.instantiateSingleton(Ljava/lang/String;)V (56 bytes) @ 0x000002005a2b0174 [0x000002005a2afd20+0x0000000000000454]
J 6062 c1 org.springframework.beans.factory.support.DefaultListableBeanFactory.preInstantiateSingleton(Ljava/lang/String;Lorg/springframework/beans/factory/support/RootBeanDefinition;)Ljava/util/concurrent/CompletableFuture; (165 bytes) @ 0x000002005a29db3c [0x000002005a29d880+0x00000000000002bc]
j  org.springframework.beans.factory.support.DefaultListableBeanFactory.preInstantiateSingletons()V+121
j  org.springframework.context.support.AbstractApplicationContext.finishBeanFactoryInitialization(Lorg/springframework/beans/factory/config/ConfigurableListableBeanFactory;)V+284
j  org.springframework.context.support.AbstractApplicationContext.refresh()V+94
j  org.springframework.boot.web.servlet.context.ServletWebServerApplicationContext.refresh()V+1
j  org.springframework.boot.SpringApplication.refresh(Lorg/springframework/context/ConfigurableApplicationContext;)V+1
j  org.springframework.boot.SpringApplication.refreshContext(Lorg/springframework/context/ConfigurableApplicationContext;)V+19
j  org.springframework.boot.SpringApplication.run([Ljava/lang/String;)Lorg/springframework/context/ConfigurableApplicationContext;+113
j  org.springframework.boot.SpringApplication.run([Ljava/lang/Class;[Ljava/lang/String;)Lorg/springframework/context/ConfigurableApplicationContext;+9
j  org.springframework.boot.SpringApplication.run(Ljava/lang/Class;[Ljava/lang/String;)Lorg/springframework/context/ConfigurableApplicationContext;+9
j  com.designpoint.project1.Project1Application.main([Ljava/lang/String;)V+3
j  java.lang.invoke.LambdaForm$DMH+0x0000020001004c00.invokeStatic(Ljava/lang/Object;Ljava/lang/Object;)V+10 java.base@21.0.5
j  java.lang.invoke.LambdaForm$MH+0x0000020001a81c00.invoke(Ljava/lang/Object;Ljava/lang/Object;Ljava/lang/Object;)Ljava/lang/Object;+33 java.base@21.0.5
J 4480 c1 jdk.internal.reflect.DirectMethodHandleAccessor.invoke(Ljava/lang/Object;[Ljava/lang/Object;)Ljava/lang/Object; java.base@21.0.5 (92 bytes) @ 0x00000200598d26fc [0x00000200598d2340+0x00000000000003bc]
J 4497 c1 java.lang.reflect.Method.invoke(Ljava/lang/Object;[Ljava/lang/Object;)Ljava/lang/Object; java.base@21.0.5 (108 bytes) @ 0x0000020059b92574 [0x0000020059b92380+0x00000000000001f4]
j  org.springframework.boot.devtools.restart.RestartLauncher.run()V+47
v  ~StubRoutines::call_stub 0x000002005965100d

siginfo: EXCEPTION_ACCESS_VIOLATION (0xc0000005), reading address 0x0000020855b62ab8


Registers:
RAX=0x0000020055b76380, RBX=0x0000000000000000, RCX=0x00000000ffffd8e7, RDX=0x000007ffffffd8e7
RSP=0x000000021f3fdeb0, RBP=0x0000000000000008, RSI=0x000000021f3fe250, RDI=0x000000021dbfd9c0
R8 =0x0000020055b498c0, R9 =0x000000000e57c600, R10=0x0000020059650000, R11=0x000000021f3fe0f8
R12=0x000000000e57c600, R13=0x000000021dbfd9c0, R14=0x000002006b6003f0, R15=0x000002000072be1f
RIP=0x00007ffce7877d8f, EFLAGS=0x0000000000010a07


Register to memory mapping:

RAX=0x0000020055b76380 points into unknown readable memory: 0x0000020055bbdeb0 | b0 de bb 55 00 02 00 00
RBX=0x0 is null
RCX=0x00000000ffffd8e7 is an unknown value
RDX=0x000007ffffffd8e7 is an unknown value
RSP=0x000000021f3fdeb0 points into unknown readable memory: 0x00000000000003d8 | d8 03 00 00 00 00 00 00
RBP=0x0000000000000008 is an unknown value
RSI=0x000000021f3fe250 points into unknown readable memory: 0x000000021dbfd9b8 | b8 d9 bf 1d 02 00 00 00
RDI=0x000000021dbfd9c0 is pointing into the stack for thread: 0x000002006bdc95e0
R8 =0x0000020055b498c0 points into unknown readable memory: 0x00007ffce7f438a0 | a0 38 f4 e7 fc 7f 00 00
R9 =0x000000000e57c600 is an unknown value
R10=0x0000020059650000 points into unknown readable memory: 0x0000000000000006 | 06 00 00 00 00 00 00 00
R11=0x000000021f3fe0f8 points into unknown readable memory: 0x00007ffce783456d | 6d 45 83 e7 fc 7f 00 00
R12=0x000000000e57c600 is an unknown value
R13=0x000000021dbfd9c0 is pointing into the stack for thread: 0x000002006bdc95e0
R14=0x000002006b6003f0 points into unknown readable memory: 0x00007ffce7f4abd8 | d8 ab f4 e7 fc 7f 00 00
R15=0x000002000072be1f is pointing into metadata

Top of Stack: (sp=0x000000021f3fdeb0)
0x000000021f3fdeb0:   00000000000003d8 0000020068a17b70
0x000000021f3fdec0:   0000000000000000 0000020068929a00
0x000000021f3fded0:   0000020068929de8 00007ffce7bdb701
0x000000021f3fdee0:   000000021dbfd9c0 00007ffce7cb69b1
0x000000021f3fdef0:   000000021dbfd9c0 00007ffce7bdbfc2
0x000000021f3fdf00:   000002006b607ff8 0000000000000000
0x000000021f3fdf10:   00000200689906f0 0000020068929a00
0x000000021f3fdf20:   0000020000543bf8 000000021dbfd9c0
0x000000021f3fdf30:   000000021f3fe250 000000021f3fe080
0x000000021f3fdf40:   000002006b607ff8 00007ffce78862a4
0x000000021f3fdf50:   000000021f3f0000 000000021f3f0000
0x000000021f3fdf60:   0000020000480090 0000000000000000
0x000000021f3fdf70:   000002006b607ff8 00007ffce7834b1b
0x000000021f3fdf80:   0000000000000001 00000200000b5b20
0x000000021f3fdf90:   000002006b607ff8 000000021f3fe250
0x000000021f3fdfa0:   0000000f00000001 00000200000b5b20
0x000000021f3fdfb0:   0000020068a1dbb0 0000020000000003
0x000000021f3fdfc0:   00000000000003d8 0000020068929a10
0x000000021f3fdfd0:   0000020068929de8 000002000072be1f
0x000000021f3fdfe0:   00000002000000b8 00000200000b5b20
0x000000021f3fdff0:   00007ffce7f42140 000000021f3fe250
0x000000021f3fe000:   000002006b607ff8 0000000400000003
0x000000021f3fe010:   0000020000543bf8 0000001300000001
0x000000021f3fe020:   0000000000000032 000000010000000c
0x000000021f3fe030:   0000020000480090 0000000000000000
0x000000021f3fe040:   000000000000001c 000002006bdca220
0x000000021f3fe050:   00000000000003d8 00007ffce7834c34
0x000000021f3fe060:   000000021f3fe160 0000000000000000
0x000000021f3fe070:   0000020000017358 000000061f3f0013
0x000000021f3fe080:   0000001c00000000 0000000000000015
0x000000021f3fe090:   000002006b607ff8 00007ffce78862fe
0x000000021f3fe0a0:   0000000000000000 0000020000000003 

Instructions: (pc=0x00007ffce7877d8f)
0x00007ffce7877c8f:   cc 40 53 55 56 57 41 54 41 55 41 56 41 57 48 83
0x00007ffce7877c9f:   ec 58 80 3d 72 19 8d 00 00 49 8b f9 4d 8b e8 0f
0x00007ffce7877caf:   b7 da 4c 8b f1 74 16 45 8b 78 08 8b 0d f8 02 8d
0x00007ffce7877cbf:   00 49 d3 e7 4c 03 3d e6 02 8d 00 eb 04 4d 8b 78
0x00007ffce7877ccf:   08 49 8b d7 49 8b cd e8 15 48 cb ff 4c 8b e0 48
0x00007ffce7877cdf:   89 7c 24 30 33 c0 8b e8 0f b7 c3 66 c1 e8 08 66
0x00007ffce7877cef:   89 84 24 a0 00 00 00 84 c0 75 52 48 8b cf 83 e1
0x00007ffce7877cff:   03 83 3d 59 1f 8d 00 02 75 09 48 83 f9 02 0f 94
0x00007ffce7877d0f:   c1 eb 05 f6 d1 80 e1 01 84 c9 75 05 48 8b ef eb
0x00007ffce7877d1f:   12 48 8d 54 24 40 48 8d 4c 24 30 e8 01 d8 2f 00
0x00007ffce7877d2f:   48 8b 28 48 c1 ed 03 83 e5 0f 41 3b ae 80 01 00
0x00007ffce7877d3f:   00 73 0a 66 89 9c 24 a8 00 00 00 eb 12 66 c7 84
0x00007ffce7877d4f:   24 a8 00 00 00 00 01 0f b7 9c 24 a8 00 00 00 4d
0x00007ffce7877d5f:   8b 46 08 49 8b d5 66 c1 eb 08 41 8b 88 18 02 00
0x00007ffce7877d6f:   00 49 8b 80 10 02 00 00 48 d3 e0 8b 0d d0 d5 93
0x00007ffce7877d7f:   00 48 2b d0 49 8b 80 f8 01 00 00 48 d3 ea 8b ca
0x00007ffce7877d8f:   48 8b 04 c8 48 89 44 24 38 44 8b 80 8c 00 00 00
0x00007ffce7877d9f:   48 0f be c3 48 6b c8 38 49 8b 46 70 44 89 84 24
0x00007ffce7877daf:   b0 00 00 00 48 8b 54 01 10 84 db 75 04 4a 8d 14
0x00007ffce7877dbf:   c2 48 8b 0a 48 8b 71 30 48 8b 41 38 48 2b c6 48
0x00007ffce7877dcf:   c1 e8 03 49 3b c4 72 74 4a 8d 1c e5 00 00 00 00
0x00007ffce7877ddf:   48 89 9c 24 b8 00 00 00 48 8d 04 33 48 89 41 30
0x00007ffce7877def:   48 85 f6 74 67 4d 8b c4 48 8b d6 49 8b cd e8 de
0x00007ffce7877dff:   31 cb ff 48 8b ce 48 8b c7 48 83 c9 03 f0 49 0f
0x00007ffce7877e0f:   b1 4d 00 48 8b d8 0f 84 81 00 00 00 48 83 e3 fc
0x00007ffce7877e1f:   74 7b 8b 84 24 b0 00 00 00 4d 8b cc 0f b7 94 24
0x00007ffce7877e2f:   a8 00 00 00 4c 8b c6 49 8b 4e 70 89 44 24 20 e8
0x00007ffce7877e3f:   8d 36 fc ff 48 8b c3 e9 34 03 00 00 4a 8d 04 e5
0x00007ffce7877e4f:   00 00 00 00 48 89 84 24 b8 00 00 00 44 89 44 24
0x00007ffce7877e5f:   28 48 8d 94 24 a8 00 00 00 4d 8b c5 89 6c 24 20
0x00007ffce7877e6f:   4d 8b cc 49 8b ce e8 c6 fb ff ff 48 8b f0 48 85
0x00007ffce7877e7f:   c0 0f 85 6e ff ff ff 4d 8b cc 4c 8b c7 49 8b d5 


Stack slot to memory mapping:

stack at sp + 0 slots: 0x00000000000003d8 is an unknown value
stack at sp + 1 slots: 0x0000020068a17b70 points into unknown readable memory: 0x8000001400000001 | 01 00 00 00 14 00 00 80
stack at sp + 2 slots: 0x0 is null
stack at sp + 3 slots: 0x0000020068929a00 points into unknown readable memory: 0x0000000000000000 | 00 00 00 00 00 00 00 00
stack at sp + 4 slots: 0x0000020068929de8 points into unknown readable memory: 0x8800097426a2f9bc | bc f9 a2 26 74 09 00 88
stack at sp + 5 slots: 0x00007ffce7bdb701 jvm.dll
stack at sp + 6 slots: 0x000000021dbfd9c0 is pointing into the stack for thread: 0x000002006bdc95e0
stack at sp + 7 slots: 0x00007ffce7cb69b1 jvm.dll


---------------  P R O C E S S  ---------------

Threads class SMR info:
_java_thread_list=0x000002006b9b2990, length=27, elements={
0x0000020063a242e0, 0x0000020063a24ff0, 0x0000020063a266d0, 0x0000020063a27630,
0x0000020063a281b0, 0x0000020063a28d30, 0x0000020063a370b0, 0x000002006808d130,
0x0000020068161c70, 0x00000200681692b0, 0x0000020068169930, 0x0000020068924ba0,
0x0000020068aa3d10, 0x0000020068aadb80, 0x0000020068b55a40, 0x00000200692395c0,
0x00000200691a8610, 0x00000200691a5eb0, 0x00000200691a78f0, 0x000002006bdc4090,
0x000002006bdc5ad0, 0x000002006bdc8f50, 0x000002006bdc95e0, 0x000002006bdc6160,
0x000002006bdcb020, 0x000002006bdc9c70, 0x000002006bdc7ba0
}

Java Threads: ( => current thread )
  0x0000020063a242e0 JavaThread "Reference Handler"          daemon [_thread_blocked, id=20340, stack(0x000000021e500000,0x000000021e600000) (1024K)]
  0x0000020063a24ff0 JavaThread "Finalizer"                  daemon [_thread_blocked, id=8596, stack(0x000000021e600000,0x000000021e700000) (1024K)]
  0x0000020063a266d0 JavaThread "Signal Dispatcher"          daemon [_thread_blocked, id=17912, stack(0x000000021e700000,0x000000021e800000) (1024K)]
  0x0000020063a27630 JavaThread "Attach Listener"            daemon [_thread_blocked, id=412, stack(0x000000021e800000,0x000000021e900000) (1024K)]
  0x0000020063a281b0 JavaThread "Service Thread"             daemon [_thread_blocked, id=19764, stack(0x000000021e900000,0x000000021ea00000) (1024K)]
  0x0000020063a28d30 JavaThread "Monitor Deflation Thread"   daemon [_thread_blocked, id=11864, stack(0x000000021ea00000,0x000000021eb00000) (1024K)]
  0x0000020063a370b0 JavaThread "C1 CompilerThread0"         daemon [_thread_blocked, id=21304, stack(0x000000021eb00000,0x000000021ec00000) (1024K)]
  0x000002006808d130 JavaThread "Common-Cleaner"             daemon [_thread_blocked, id=16092, stack(0x000000021ec00000,0x000000021ed00000) (1024K)]
  0x0000020068161c70 JavaThread "JDWP Transport Listener: dt_socket" daemon [_thread_blocked, id=11056, stack(0x000000021ee00000,0x000000021ef00000) (1024K)]
  0x00000200681692b0 JavaThread "JDWP Event Helper Thread"   daemon [_thread_blocked, id=15500, stack(0x000000021ef00000,0x000000021f000000) (1024K)]
  0x0000020068169930 JavaThread "JDWP Command Reader"        daemon [_thread_in_native, id=18472, stack(0x000000021f000000,0x000000021f100000) (1024K)]
  0x0000020068924ba0 JavaThread "Notification Thread"        daemon [_thread_blocked, id=6848, stack(0x000000021f100000,0x000000021f200000) (1024K)]
  0x0000020068aa3d10 JavaThread "RMI TCP Accept-0"           daemon [_thread_blocked, id=19192, stack(0x000000021f800000,0x000000021f900000) (1024K)]
  0x0000020068aadb80 JavaThread "RMI TCP Accept-63888"       daemon [_thread_in_native, id=14068, stack(0x000000021f900000,0x000000021fa00000) (1024K)]
  0x0000020068b55a40 JavaThread "RMI TCP Accept-0"           daemon [_thread_in_native, id=12228, stack(0x000000021fa00000,0x000000021fb00000) (1024K)]
  0x00000200692395c0 JavaThread "RMI Scheduler(0)"           daemon [_thread_blocked, id=18956, stack(0x000000021fe00000,0x000000021ff00000) (1024K)]
  0x00000200691a8610 JavaThread "JMX server connection timeout 38" daemon [_thread_blocked, id=14328, stack(0x0000000220000000,0x0000000220100000) (1024K)]
  0x00000200691a5eb0 JavaThread "mysql-cj-abandoned-connection-cleanup" daemon [_thread_blocked, id=15040, stack(0x0000000220500000,0x0000000220600000) (1024K)]
  0x00000200691a78f0 JavaThread "Live Reload Server"         daemon [_thread_in_native, id=10732, stack(0x0000000220b00000,0x0000000220c00000) (1024K)]
  0x000002006bdc4090 JavaThread "DestroyJavaVM"                     [_thread_blocked, id=21008, stack(0x000000021dd00000,0x000000021de00000) (1024K)]
  0x000002006bdc5ad0 JavaThread "RMI TCP Connection(idle)"   daemon [_thread_blocked, id=2056, stack(0x0000000221900000,0x0000000221a00000) (1024K)]
  0x000002006bdc8f50 JavaThread "Thread-5"                          [_thread_blocked, id=15260, stack(0x000000021da00000,0x000000021db00000) (1024K)]
  0x000002006bdc95e0 JavaThread "restartedMain"                     [_thread_blocked, id=11140, stack(0x000000021db00000,0x000000021dc00000) (1024K)]
  0x000002006bdc6160 JavaThread "Catalina-utility-1"                [_thread_blocked, id=16688, stack(0x000000021f200000,0x000000021f300000) (1024K)]
  0x000002006bdcb020 JavaThread "Catalina-utility-2"                [_thread_blocked, id=14448, stack(0x000000021fb00000,0x000000021fc00000) (1024K)]
  0x000002006bdc9c70 JavaThread "container-0"                       [_thread_blocked, id=5240, stack(0x000000021fc00000,0x000000021fd00000) (1024K)]
  0x000002006bdc7ba0 JavaThread "HikariPool-2 housekeeper"   daemon [_thread_blocked, id=7628, stack(0x000000021fd00000,0x000000021fe00000) (1024K)]
Total: 27

Other Threads:
  0x0000020063a096a0 VMThread "VM Thread"                           [id=20396, stack(0x000000021e400000,0x000000021e500000) (1024K)]
  0x00000200639fb4c0 WatcherThread "VM Periodic Task Thread"        [id=18552, stack(0x000000021e300000,0x000000021e400000) (1024K)]
  0x0000020055ba12b0 WorkerThread "GC Thread#0"                     [id=16020, stack(0x000000021de00000,0x000000021df00000) (1024K)]
=>0x0000020068a1dbb0 WorkerThread "GC Thread#1"                     [id=16120, stack(0x000000021f300000,0x000000021f400000) (1024K)]
  0x0000020068a1df50 WorkerThread "GC Thread#2"                     [id=9932, stack(0x000000021f400000,0x000000021f500000) (1024K)]
  0x0000020068a1e2f0 WorkerThread "GC Thread#3"                     [id=15420, stack(0x000000021f500000,0x000000021f600000) (1024K)]
  0x0000020068a1e690 WorkerThread "GC Thread#4"                     [id=13868, stack(0x000000021f600000,0x000000021f700000) (1024K)]
  0x0000020068a1ee40 WorkerThread "GC Thread#5"                     [id=13348, stack(0x000000021f700000,0x000000021f800000) (1024K)]
  0x0000020055bb21d0 ConcurrentGCThread "G1 Main Marker"            [id=20852, stack(0x000000021df00000,0x000000021e000000) (1024K)]
  0x0000020055bb4630 WorkerThread "G1 Conc#0"                       [id=6288, stack(0x000000021e000000,0x000000021e100000) (1024K)]
  0x0000020069318830 WorkerThread "G1 Conc#1"                       [id=3048, stack(0x0000000220300000,0x0000000220400000) (1024K)]
  0x00000200638b8fc0 ConcurrentGCThread "G1 Refine#0"               [id=19440, stack(0x000000021e100000,0x000000021e200000) (1024K)]
  0x00000200638b9a30 ConcurrentGCThread "G1 Service"                [id=7484, stack(0x000000021e200000,0x000000021e300000) (1024K)]
Total: 13

Threads with active compile tasks:
Total: 0

VM state: at safepoint (normal execution)

VM Mutex/Monitor currently owned by a thread:  ([mutex/lock_event])
[0x00007ffce81cd380] Threads_lock - owner thread: 0x0000020063a096a0
[0x00007ffce81cd480] Heap_lock - owner thread: 0x00000200692395c0

Heap address: 0x0000000700c00000, size: 4084 MB, Compressed Oops mode: Zero based, Oop shift amount: 3

CDS archive(s) mapped at: [0x0000020000000000-0x0000020000c80000-0x0000020000c80000), size 13107200, SharedBaseAddress: 0x0000020000000000, ArchiveRelocationMode: 1.
Compressed class space mapped at: 0x0000020001000000-0x0000020041000000, reserved size: 1073741824
Narrow klass base: 0x0000020000000000, Narrow klass shift: 0, Narrow klass range: 0x100000000

GC Precious Log:
 CardTable entry size: 512
 Card Set container configuration: InlinePtr #cards 4 size 8 Array Of Cards #cards 16 size 48 Howl #buckets 8 coarsen threshold 3686 Howl Bitmap #cards 512 size 80 coarsen threshold 460 Card regions per heap region 1 cards per card region 4096
 CPUs: 6 total, 6 available
 Memory: 16330M
 Large Page Support: Disabled
 NUMA Support: Disabled
 Compressed Oops: Enabled (Zero based)
 Heap Region Size: 2M
 Heap Min Capacity: 8M
 Heap Initial Capacity: 256M
 Heap Max Capacity: 4084M
 Pre-touch: Disabled
 Parallel Workers: 6
 Concurrent Workers: 2
 Concurrent Refinement Workers: 6
 Periodic GC: Disabled

Heap:
 garbage-first heap   total 102400K, used 87726K [0x0000000700c00000, 0x0000000800000000)
  region size 2048K, 34 young (69632K), 4 survivors (8192K)
 Metaspace       used 73265K, committed 74048K, reserved 1114112K
  class space    used 10429K, committed 10816K, reserved 1048576K

Heap Regions: E=young(eden), S=young(survivor), O=old, HS=humongous(starts), HC=humongous(continues), CS=collection set, F=free, TAMS=top-at-mark-start, PB=parsable bottom
|   0|0x0000000700c00000, 0x0000000700e00000, 0x0000000700e00000|100%| O|  |TAMS 0x0000000700c00000| PB 0x0000000700c00000| Untracked 
|   1|0x0000000700e00000, 0x0000000700fe7110, 0x0000000701000000| 95%| O|  |TAMS 0x0000000700e00000| PB 0x0000000700e00000| Untracked 
|   2|0x0000000701000000, 0x00000007011fffb0, 0x0000000701200000| 99%| O|  |TAMS 0x0000000701000000| PB 0x0000000701000000| Untracked 
|   3|0x0000000701200000, 0x00000007013ffff0, 0x0000000701400000| 99%| O|  |TAMS 0x0000000701200000| PB 0x0000000701200000| Untracked 
|   4|0x0000000701400000, 0x00000007015ffff8, 0x0000000701600000| 99%| O|  |TAMS 0x0000000701400000| PB 0x0000000701400000| Untracked 
|   5|0x0000000701600000, 0x00000007017ffbe8, 0x0000000701800000| 99%| O|  |TAMS 0x0000000701600000| PB 0x0000000701600000| Untracked 
|   6|0x0000000701800000, 0x00000007019ffff8, 0x0000000701a00000| 99%| O|  |TAMS 0x0000000701800000| PB 0x0000000701800000| Untracked 
|   7|0x0000000701a00000, 0x0000000701bffff0, 0x0000000701c00000| 99%| O|  |TAMS 0x0000000701a00000| PB 0x0000000701a00000| Untracked 
|   8|0x0000000701c00000, 0x0000000701dfffd0, 0x0000000701e00000| 99%| O|  |TAMS 0x0000000701c00000| PB 0x0000000701c00000| Untracked 
|   9|0x0000000701e00000, 0x0000000701ff5a60, 0x0000000702000000| 97%| O|  |TAMS 0x0000000701e00000| PB 0x0000000701e00000| Untracked 
|  10|0x0000000702000000, 0x00000007021fffd0, 0x0000000702200000| 99%| O|  |TAMS 0x0000000702000000| PB 0x0000000702000000| Untracked 
|  11|0x0000000702200000, 0x00000007023ffff0, 0x0000000702400000| 99%| O|  |TAMS 0x0000000702200000| PB 0x0000000702200000| Untracked 
|  12|0x0000000702400000, 0x0000000702510740, 0x0000000702600000| 53%| O|  |TAMS 0x0000000702400000| PB 0x0000000702400000| Untracked 
|  13|0x0000000702600000, 0x0000000702600000, 0x0000000702800000|  0%| F|  |TAMS 0x0000000702600000| PB 0x0000000702600000| Untracked 
|  14|0x0000000702800000, 0x000000070284ff00, 0x0000000702a00000| 15%| O|  |TAMS 0x0000000702800000| PB 0x0000000702800000| Untracked 
|  15|0x0000000702a00000, 0x0000000702a6ec40, 0x0000000702c00000| 21%| O|  |TAMS 0x0000000702a00000| PB 0x0000000702a00000| Untracked 
|  16|0x0000000702c00000, 0x0000000702cda880, 0x0000000702e00000| 42%| S|  |TAMS 0x0000000702c00000| PB 0x0000000702c00000| Complete 
|  17|0x0000000702e00000, 0x0000000703000000, 0x0000000703000000|100%| S|  |TAMS 0x0000000702e00000| PB 0x0000000702e00000| Complete 
|  18|0x0000000703000000, 0x0000000703200000, 0x0000000703200000|100%| S|  |TAMS 0x0000000703000000| PB 0x0000000703000000| Complete 
|  19|0x0000000703200000, 0x0000000703400000, 0x0000000703400000|100%| S|  |TAMS 0x0000000703200000| PB 0x0000000703200000| Complete 
|  20|0x0000000703400000, 0x0000000703600000, 0x0000000703600000|100%| E|CS|TAMS 0x0000000703400000| PB 0x0000000703400000| Complete 
|  21|0x0000000703600000, 0x0000000703800000, 0x0000000703800000|100%| E|CS|TAMS 0x0000000703600000| PB 0x0000000703600000| Complete 
|  22|0x0000000703800000, 0x0000000703a00000, 0x0000000703a00000|100%| E|CS|TAMS 0x0000000703800000| PB 0x0000000703800000| Complete 
|  23|0x0000000703a00000, 0x0000000703c00000, 0x0000000703c00000|100%| E|CS|TAMS 0x0000000703a00000| PB 0x0000000703a00000| Complete 
|  24|0x0000000703c00000, 0x0000000703e00000, 0x0000000703e00000|100%| E|CS|TAMS 0x0000000703c00000| PB 0x0000000703c00000| Complete 
|  25|0x0000000703e00000, 0x0000000704000000, 0x0000000704000000|100%| E|CS|TAMS 0x0000000703e00000| PB 0x0000000703e00000| Complete 
|  26|0x0000000704000000, 0x0000000704200000, 0x0000000704200000|100%| E|CS|TAMS 0x0000000704000000| PB 0x0000000704000000| Complete 
|  27|0x0000000704200000, 0x0000000704400000, 0x0000000704400000|100%| E|CS|TAMS 0x0000000704200000| PB 0x0000000704200000| Complete 
|  28|0x0000000704400000, 0x0000000704600000, 0x0000000704600000|100%| E|CS|TAMS 0x0000000704400000| PB 0x0000000704400000| Complete 
|  29|0x0000000704600000, 0x0000000704800000, 0x0000000704800000|100%| E|CS|TAMS 0x0000000704600000| PB 0x0000000704600000| Complete 
|  30|0x0000000704800000, 0x0000000704a00000, 0x0000000704a00000|100%| E|CS|TAMS 0x0000000704800000| PB 0x0000000704800000| Complete 
|  31|0x0000000704a00000, 0x0000000704c00000, 0x0000000704c00000|100%| E|CS|TAMS 0x0000000704a00000| PB 0x0000000704a00000| Complete 
|  32|0x0000000704c00000, 0x0000000704e00000, 0x0000000704e00000|100%| E|CS|TAMS 0x0000000704c00000| PB 0x0000000704c00000| Complete 
|  33|0x0000000704e00000, 0x0000000705000000, 0x0000000705000000|100%| E|CS|TAMS 0x0000000704e00000| PB 0x0000000704e00000| Complete 
|  34|0x0000000705000000, 0x0000000705200000, 0x0000000705200000|100%| E|CS|TAMS 0x0000000705000000| PB 0x0000000705000000| Complete 
|  35|0x0000000705200000, 0x0000000705400000, 0x0000000705400000|100%| E|CS|TAMS 0x0000000705200000| PB 0x0000000705200000| Complete 
|  36|0x0000000705400000, 0x0000000705600000, 0x0000000705600000|100%| E|CS|TAMS 0x0000000705400000| PB 0x0000000705400000| Complete 
|  37|0x0000000705600000, 0x0000000705800000, 0x0000000705800000|100%| E|CS|TAMS 0x0000000705600000| PB 0x0000000705600000| Complete 
|  38|0x0000000705800000, 0x0000000705a00000, 0x0000000705a00000|100%| E|CS|TAMS 0x0000000705800000| PB 0x0000000705800000| Complete 
|  39|0x0000000705a00000, 0x0000000705c00000, 0x0000000705c00000|100%| E|CS|TAMS 0x0000000705a00000| PB 0x0000000705a00000| Complete 
|  40|0x0000000705c00000, 0x0000000705e00000, 0x0000000705e00000|100%| E|CS|TAMS 0x0000000705c00000| PB 0x0000000705c00000| Complete 
|  41|0x0000000705e00000, 0x0000000706000000, 0x0000000706000000|100%| E|CS|TAMS 0x0000000705e00000| PB 0x0000000705e00000| Complete 
|  42|0x0000000706000000, 0x0000000706200000, 0x0000000706200000|100%| E|CS|TAMS 0x0000000706000000| PB 0x0000000706000000| Complete 
|  43|0x0000000706200000, 0x0000000706400000, 0x0000000706400000|100%| E|CS|TAMS 0x0000000706200000| PB 0x0000000706200000| Complete 
|  44|0x0000000706400000, 0x0000000706600000, 0x0000000706600000|100%| E|CS|TAMS 0x0000000706400000| PB 0x0000000706400000| Complete 
|  45|0x0000000706600000, 0x0000000706800000, 0x0000000706800000|100%| E|CS|TAMS 0x0000000706600000| PB 0x0000000706600000| Complete 
|  46|0x0000000706800000, 0x0000000706a00000, 0x0000000706a00000|100%| E|CS|TAMS 0x0000000706800000| PB 0x0000000706800000| Complete 
|  47|0x0000000706a00000, 0x0000000706c00000, 0x0000000706c00000|100%| E|CS|TAMS 0x0000000706a00000| PB 0x0000000706a00000| Complete 
|  48|0x0000000706c00000, 0x0000000706e00000, 0x0000000706e00000|100%| E|CS|TAMS 0x0000000706c00000| PB 0x0000000706c00000| Complete 
|  49|0x0000000706e00000, 0x0000000707000000, 0x0000000707000000|100%| E|CS|TAMS 0x0000000706e00000| PB 0x0000000706e00000| Complete 

Card table byte_map: [0x000002005ce50000,0x000002005d650000] _byte_map_base: 0x000002005964a000

Marking Bits: (CMBitMap*) 0x0000020055ba19b0
 Bits: [0x000002005d650000, 0x0000020061620000)

Polling page: 0x0000020053b20000

Metaspace:

Usage:
  Non-class:     61.36 MB used.
      Class:     10.19 MB used.
       Both:     71.55 MB used.

Virtual space:
  Non-class space:       64.00 MB reserved,      61.75 MB ( 96%) committed,  1 nodes.
      Class space:        1.00 GB reserved,      10.56 MB (  1%) committed,  1 nodes.
             Both:        1.06 GB reserved,      72.31 MB (  7%) committed. 

Chunk freelists:
   Non-Class:  2.12 MB
       Class:  5.53 MB
        Both:  7.65 MB

MaxMetaspaceSize: unlimited
CompressedClassSpaceSize: 1.00 GB
Initial GC threshold: 21.00 MB
Current GC threshold: 120.44 MB
CDS: on
 - commit_granule_bytes: 65536.
 - commit_granule_words: 8192.
 - virtual_space_node_default_size: 8388608.
 - enlarge_chunks_in_place: 1.
 - use_allocation_guard: 0.


Internal statistics:

num_allocs_failed_limit: 9.
num_arena_births: 1244.
num_arena_deaths: 400.
num_vsnodes_births: 2.
num_vsnodes_deaths: 0.
num_space_committed: 1157.
num_space_uncommitted: 0.
num_chunks_returned_to_freelist: 461.
num_chunks_taken_from_freelist: 3877.
num_chunk_merges: 125.
num_chunk_splits: 2750.
num_chunks_enlarged: 2177.
num_inconsistent_stats: 0.

CodeCache: size=49152Kb used=13566Kb max_used=14660Kb free=35585Kb
 bounds [0x0000020059650000, 0x000002005a4b0000, 0x000002005c650000]
 total_blobs=7923 nmethods=7206 adapters=641
 compilation: enabled
              stopped_count=0, restarted_count=0
 full_count=0

Compilation events (20 events):
Event: 250.800 Thread 0x0000020063a370b0 7279       1       java.util.concurrent.ScheduledThreadPoolExecutor$DelayedWorkQueue::add (6 bytes)
Event: 250.800 Thread 0x0000020063a370b0 nmethod 7279 0x000002005982a710 code [0x000002005982a8c0, 0x000002005982a9c0]
Event: 250.800 Thread 0x0000020063a370b0 7280   !   1       java.util.concurrent.ScheduledThreadPoolExecutor$DelayedWorkQueue::offer (123 bytes)
Event: 250.801 Thread 0x0000020063a370b0 nmethod 7280 0x0000020059829210 code [0x00000200598294c0, 0x0000020059829e58]
Event: 250.801 Thread 0x0000020063a370b0 7281       1       java.util.concurrent.ThreadPoolExecutor::ensurePrestart (41 bytes)
Event: 250.801 Thread 0x0000020063a370b0 nmethod 7281 0x0000020059828e10 code [0x0000020059828fc0, 0x0000020059829138]
Event: 258.925 Thread 0x0000020063a370b0 7282       1       jdk.internal.loader.URLClassPath$FileLoader$1::getURL (5 bytes)
Event: 258.925 Thread 0x0000020063a370b0 nmethod 7282 0x0000020059828b10 code [0x0000020059828ca0, 0x0000020059828d70]
Event: 260.739 Thread 0x0000020063a370b0 7283       1       java.util.concurrent.ThreadPoolExecutor$Worker::lock (6 bytes)
Event: 260.740 Thread 0x0000020063a370b0 nmethod 7283 0x0000020059828690 code [0x0000020059828840, 0x0000020059828a18]
Event: 260.740 Thread 0x0000020063a370b0 7284       1       java.util.concurrent.ThreadPoolExecutor::beforeExecute (1 bytes)
Event: 260.740 Thread 0x0000020063a370b0 nmethod 7284 0x0000020059828390 code [0x0000020059828520, 0x00000200598285e8]
Event: 260.800 Thread 0x0000020063a370b0 7286       1       java.util.concurrent.ThreadPoolExecutor::afterExecute (1 bytes)
Event: 260.801 Thread 0x0000020063a370b0 nmethod 7286 0x0000020059828090 code [0x0000020059828220, 0x00000200598282e8]
Event: 260.801 Thread 0x0000020063a370b0 7285       1       java.util.EventObject::getSource (5 bytes)
Event: 260.801 Thread 0x0000020063a370b0 nmethod 7285 0x0000020059827d90 code [0x0000020059827f20, 0x0000020059827ff0]
Event: 290.806 Thread 0x0000020063a370b0 7287       1       java.util.concurrent.locks.AbstractQueuedSynchronizer$ConditionObject::doSignal (62 bytes)
Event: 290.806 Thread 0x0000020063a370b0 nmethod 7287 0x0000020059827790 code [0x0000020059827940, 0x0000020059827bd8]
Event: 290.806 Thread 0x0000020063a370b0 7288       1       java.util.concurrent.locks.AbstractQueuedSynchronizer::enqueue (72 bytes)
Event: 290.806 Thread 0x0000020063a370b0 nmethod 7288 0x0000020059826f90 code [0x0000020059827180, 0x0000020059827568]

GC Heap History (20 events):
Event: 3.718 GC heap after
{Heap after GC invocations=16 (full 0):
 garbage-first heap   total 75776K, used 26696K [0x0000000700c00000, 0x0000000800000000)
  region size 2048K, 2 young (4096K), 2 survivors (4096K)
 Metaspace       used 55195K, committed 55808K, reserved 1114112K
  class space    used 7604K, committed 7872K, reserved 1048576K
}
Event: 3.937 GC heap before
{Heap before GC invocations=16 (full 0):
 garbage-first heap   total 75776K, used 63560K [0x0000000700c00000, 0x0000000800000000)
  region size 2048K, 20 young (40960K), 2 survivors (4096K)
 Metaspace       used 58664K, committed 59392K, reserved 1114112K
  class space    used 8133K, committed 8448K, reserved 1048576K
}
Event: 3.939 GC heap after
{Heap after GC invocations=17 (full 0):
 garbage-first heap   total 92160K, used 26877K [0x0000000700c00000, 0x0000000800000000)
  region size 2048K, 2 young (4096K), 2 survivors (4096K)
 Metaspace       used 58664K, committed 59392K, reserved 1114112K
  class space    used 8133K, committed 8448K, reserved 1048576K
}
Event: 4.028 GC heap before
{Heap before GC invocations=17 (full 0):
 garbage-first heap   total 92160K, used 41213K [0x0000000700c00000, 0x0000000800000000)
  region size 2048K, 10 young (20480K), 2 survivors (4096K)
 Metaspace       used 60166K, committed 60800K, reserved 1114112K
  class space    used 8368K, committed 8640K, reserved 1048576K
}
Event: 4.032 GC heap after
{Heap after GC invocations=18 (full 0):
 garbage-first heap   total 92160K, used 27155K [0x0000000700c00000, 0x0000000800000000)
  region size 2048K, 2 young (4096K), 2 survivors (4096K)
 Metaspace       used 60166K, committed 60800K, reserved 1114112K
  class space    used 8368K, committed 8640K, reserved 1048576K
}
Event: 4.360 GC heap before
{Heap before GC invocations=19 (full 0):
 garbage-first heap   total 92160K, used 76307K [0x0000000700c00000, 0x0000000800000000)
  region size 2048K, 27 young (55296K), 2 survivors (4096K)
 Metaspace       used 64344K, committed 65088K, reserved 1114112K
  class space    used 9003K, committed 9344K, reserved 1048576K
}
Event: 4.364 GC heap after
{Heap after GC invocations=20 (full 0):
 garbage-first heap   total 92160K, used 29562K [0x0000000700c00000, 0x0000000800000000)
  region size 2048K, 3 young (6144K), 3 survivors (6144K)
 Metaspace       used 64344K, committed 65088K, reserved 1114112K
  class space    used 9003K, committed 9344K, reserved 1048576K
}
Event: 4.549 GC heap before
{Heap before GC invocations=20 (full 0):
 garbage-first heap   total 92160K, used 78714K [0x0000000700c00000, 0x0000000800000000)
  region size 2048K, 27 young (55296K), 3 survivors (6144K)
 Metaspace       used 65513K, committed 66240K, reserved 1114112K
  class space    used 9262K, committed 9600K, reserved 1048576K
}
Event: 4.555 GC heap after
{Heap after GC invocations=21 (full 0):
 garbage-first heap   total 92160K, used 31452K [0x0000000700c00000, 0x0000000800000000)
  region size 2048K, 4 young (8192K), 4 survivors (8192K)
 Metaspace       used 65513K, committed 66240K, reserved 1114112K
  class space    used 9262K, committed 9600K, reserved 1048576K
}
Event: 4.727 GC heap before
{Heap before GC invocations=21 (full 0):
 garbage-first heap   total 92160K, used 72412K [0x0000000700c00000, 0x0000000800000000)
  region size 2048K, 25 young (51200K), 4 survivors (8192K)
 Metaspace       used 67305K, committed 68032K, reserved 1114112K
  class space    used 9635K, committed 9984K, reserved 1048576K
}
Event: 4.733 GC heap after
{Heap after GC invocations=22 (full 0):
 garbage-first heap   total 92160K, used 35478K [0x0000000700c00000, 0x0000000800000000)
  region size 2048K, 4 young (8192K), 4 survivors (8192K)
 Metaspace       used 67305K, committed 68032K, reserved 1114112K
  class space    used 9635K, committed 9984K, reserved 1048576K
}
Event: 4.796 GC heap before
{Heap before GC invocations=22 (full 0):
 garbage-first heap   total 92160K, used 74390K [0x0000000700c00000, 0x0000000800000000)
  region size 2048K, 23 young (47104K), 4 survivors (8192K)
 Metaspace       used 67314K, committed 68032K, reserved 1114112K
  class space    used 9635K, committed 9984K, reserved 1048576K
}
Event: 4.798 GC heap after
{Heap after GC invocations=23 (full 0):
 garbage-first heap   total 110592K, used 33025K [0x0000000700c00000, 0x0000000800000000)
  region size 2048K, 1 young (2048K), 1 survivors (2048K)
 Metaspace       used 67314K, committed 68032K, reserved 1114112K
  class space    used 9635K, committed 9984K, reserved 1048576K
}
Event: 5.006 GC heap before
{Heap before GC invocations=23 (full 0):
 garbage-first heap   total 110592K, used 94465K [0x0000000700c00000, 0x0000000800000000)
  region size 2048K, 32 young (65536K), 1 survivors (2048K)
 Metaspace       used 69642K, committed 70400K, reserved 1114112K
  class space    used 9936K, committed 10304K, reserved 1048576K
}
Event: 5.008 GC heap after
{Heap after GC invocations=24 (full 0):
 garbage-first heap   total 110592K, used 32986K [0x0000000700c00000, 0x0000000800000000)
  region size 2048K, 1 young (2048K), 1 survivors (2048K)
 Metaspace       used 69642K, committed 70400K, reserved 1114112K
  class space    used 9936K, committed 10304K, reserved 1048576K
}
Event: 118.324 GC heap before
{Heap before GC invocations=24 (full 0):
 garbage-first heap   total 110592K, used 96474K [0x0000000700c00000, 0x0000000800000000)
  region size 2048K, 32 young (65536K), 1 survivors (2048K)
 Metaspace       used 73051K, committed 73792K, reserved 1114112K
  class space    used 10429K, committed 10752K, reserved 1048576K
}
Event: 118.333 GC heap after
{Heap after GC invocations=25 (full 0):
 garbage-first heap   total 110592K, used 35816K [0x0000000700c00000, 0x0000000800000000)
  region size 2048K, 3 young (6144K), 3 survivors (6144K)
 Metaspace       used 73051K, committed 73792K, reserved 1114112K
  class space    used 10429K, committed 10752K, reserved 1048576K
}
Event: 148.709 GC heap before
{Heap before GC invocations=25 (full 0):
 garbage-first heap   total 110592K, used 41960K [0x0000000700c00000, 0x0000000800000000)
  region size 2048K, 7 young (14336K), 3 survivors (6144K)
 Metaspace       used 73205K, committed 73984K, reserved 1114112K
  class space    used 10460K, committed 10816K, reserved 1048576K
}
Event: 148.749 GC heap after
{Heap after GC invocations=26 (full 1):
 garbage-first heap   total 102400K, used 26286K [0x0000000700c00000, 0x0000000800000000)
  region size 2048K, 0 young (0K), 0 survivors (0K)
 Metaspace       used 72809K, committed 73984K, reserved 1114112K
  class space    used 10361K, committed 10816K, reserved 1048576K
}
Event: 301.023 GC heap before
{Heap before GC invocations=26 (full 1):
 garbage-first heap   total 102400K, used 85678K [0x0000000700c00000, 0x0000000800000000)
  region size 2048K, 30 young (61440K), 0 survivors (0K)
 Metaspace       used 73265K, committed 74048K, reserved 1114112K
  class space    used 10429K, committed 10816K, reserved 1048576K
}

Dll operation events (12 events):
Event: 0.006 Loaded shared library G:\JAVA SOFTWER\softwer tools\sts-4.27.0.RELEASE\plugins\org.eclipse.justj.openjdk.hotspot.jre.full.win32.x86_64_21.0.5.v20241023-1957\jre\bin\java.dll
Event: 0.031 Loaded shared library G:\JAVA SOFTWER\softwer tools\sts-4.27.0.RELEASE\plugins\org.eclipse.justj.openjdk.hotspot.jre.full.win32.x86_64_21.0.5.v20241023-1957\jre\bin\zip.dll
Event: 0.223 Loaded shared library G:\JAVA SOFTWER\softwer tools\sts-4.27.0.RELEASE\plugins\org.eclipse.justj.openjdk.hotspot.jre.full.win32.x86_64_21.0.5.v20241023-1957\jre\bin\instrument.dll
Event: 0.227 Loaded shared library G:\JAVA SOFTWER\softwer tools\sts-4.27.0.RELEASE\plugins\org.eclipse.justj.openjdk.hotspot.jre.full.win32.x86_64_21.0.5.v20241023-1957\jre\bin\net.dll
Event: 0.227 Loaded shared library G:\JAVA SOFTWER\softwer tools\sts-4.27.0.RELEASE\plugins\org.eclipse.justj.openjdk.hotspot.jre.full.win32.x86_64_21.0.5.v20241023-1957\jre\bin\nio.dll
Event: 0.230 Loaded shared library G:\JAVA SOFTWER\softwer tools\sts-4.27.0.RELEASE\plugins\org.eclipse.justj.openjdk.hotspot.jre.full.win32.x86_64_21.0.5.v20241023-1957\jre\bin\zip.dll
Event: 0.339 Loaded shared library G:\JAVA SOFTWER\softwer tools\sts-4.27.0.RELEASE\plugins\org.eclipse.justj.openjdk.hotspot.jre.full.win32.x86_64_21.0.5.v20241023-1957\jre\bin\jimage.dll
Event: 0.374 Loaded shared library G:\JAVA SOFTWER\softwer tools\sts-4.27.0.RELEASE\plugins\org.eclipse.justj.openjdk.hotspot.jre.full.win32.x86_64_21.0.5.v20241023-1957\jre\bin\management.dll
Event: 0.383 Loaded shared library G:\JAVA SOFTWER\softwer tools\sts-4.27.0.RELEASE\plugins\org.eclipse.justj.openjdk.hotspot.jre.full.win32.x86_64_21.0.5.v20241023-1957\jre\bin\management_ext.dll
Event: 0.545 Loaded shared library G:\JAVA SOFTWER\softwer tools\sts-4.27.0.RELEASE\plugins\org.eclipse.justj.openjdk.hotspot.jre.full.win32.x86_64_21.0.5.v20241023-1957\jre\bin\extnet.dll
Event: 0.563 Loaded shared library G:\JAVA SOFTWER\softwer tools\sts-4.27.0.RELEASE\plugins\org.eclipse.justj.openjdk.hotspot.jre.full.win32.x86_64_21.0.5.v20241023-1957\jre\bin\verify.dll
Event: 1.552 Loaded shared library G:\JAVA SOFTWER\softwer tools\sts-4.27.0.RELEASE\plugins\org.eclipse.justj.openjdk.hotspot.jre.full.win32.x86_64_21.0.5.v20241023-1957\jre\bin\sunmscapi.dll

Deoptimization events (20 events):
Event: 150.911 Thread 0x000002006bdc95e0 DEOPT PACKING pc=0x0000020059db6e6c sp=0x000000021dbfa890
Event: 150.911 Thread 0x000002006bdc95e0 DEOPT UNPACKING pc=0x00000200596a4e42 sp=0x000000021dbf9dc8 mode 1
Event: 150.911 Thread 0x000002006bdc95e0 DEOPT PACKING pc=0x0000020059db7e74 sp=0x000000021dbfa980
Event: 150.911 Thread 0x000002006bdc95e0 DEOPT UNPACKING pc=0x00000200596a4e42 sp=0x000000021dbf9f30 mode 1
Event: 150.911 Thread 0x000002006bdc95e0 DEOPT PACKING pc=0x0000020059db3b2c sp=0x000000021dbfaaf0
Event: 150.911 Thread 0x000002006bdc95e0 DEOPT UNPACKING pc=0x00000200596a4e42 sp=0x000000021dbfa0b0 mode 1
Event: 150.911 Thread 0x000002006bdc95e0 DEOPT PACKING pc=0x0000020059db6e6c sp=0x000000021dbfa890
Event: 150.911 Thread 0x000002006bdc95e0 DEOPT UNPACKING pc=0x00000200596a4e42 sp=0x000000021dbf9dc8 mode 1
Event: 150.911 Thread 0x000002006bdc95e0 DEOPT PACKING pc=0x0000020059db7e74 sp=0x000000021dbfa980
Event: 150.911 Thread 0x000002006bdc95e0 DEOPT UNPACKING pc=0x00000200596a4e42 sp=0x000000021dbf9f30 mode 1
Event: 150.911 Thread 0x000002006bdc95e0 DEOPT PACKING pc=0x0000020059db3b2c sp=0x000000021dbfaaf0
Event: 150.911 Thread 0x000002006bdc95e0 DEOPT UNPACKING pc=0x00000200596a4e42 sp=0x000000021dbfa0b0 mode 1
Event: 150.915 Thread 0x000002006bdc95e0 DEOPT PACKING pc=0x0000020059d31434 sp=0x000000021dbfbfd0
Event: 150.915 Thread 0x000002006bdc95e0 DEOPT UNPACKING pc=0x00000200596a4e42 sp=0x000000021dbfb530 mode 1
Event: 150.915 Thread 0x000002006bdc95e0 DEOPT PACKING pc=0x000002005a298364 sp=0x000000021dbfc0f0
Event: 150.915 Thread 0x000002006bdc95e0 DEOPT UNPACKING pc=0x00000200596a4e42 sp=0x000000021dbfb5c0 mode 1
Event: 150.915 Thread 0x000002006bdc95e0 DEOPT PACKING pc=0x0000020059d31434 sp=0x000000021dbfbfc0
Event: 150.915 Thread 0x000002006bdc95e0 DEOPT UNPACKING pc=0x00000200596a4e42 sp=0x000000021dbfb538 mode 1
Event: 260.984 Thread 0x000002006bdc95e0 DEOPT PACKING pc=0x0000020059a04c34 sp=0x000000021dbfd9c0
Event: 260.984 Thread 0x000002006bdc95e0 DEOPT UNPACKING pc=0x00000200596a4e42 sp=0x000000021dbfce78 mode 0

Classes loaded (20 events):
Event: 148.700 Loading class java/security/InvalidKeyException
Event: 148.701 Loading class java/security/KeyException
Event: 148.701 Loading class java/security/KeyException done
Event: 148.701 Loading class java/security/InvalidKeyException done
Event: 148.701 Loading class java/security/SignatureException
Event: 148.701 Loading class java/security/SignatureException done
Event: 148.701 Loading class java/security/spec/InvalidKeySpecException
Event: 148.701 Loading class java/security/spec/InvalidKeySpecException done
Event: 148.701 Loading class javax/crypto/NoSuchPaddingException
Event: 148.701 Loading class javax/crypto/NoSuchPaddingException done
Event: 148.701 Loading class javax/crypto/IllegalBlockSizeException
Event: 148.701 Loading class javax/crypto/IllegalBlockSizeException done
Event: 148.701 Loading class javax/crypto/BadPaddingException
Event: 148.701 Loading class javax/crypto/BadPaddingException done
Event: 148.701 Loading class javax/net/ssl/SSLSocket
Event: 148.701 Loading class javax/net/ssl/SSLSocket done
Event: 148.749 Loading class java/lang/ref/Finalizer$2
Event: 148.749 Loading class java/lang/ref/Finalizer$2 done
Event: 148.750 Loading class java/lang/ref/Finalizer$1
Event: 148.750 Loading class java/lang/ref/Finalizer$1 done

Classes unloaded (20 events):
Event: 148.719 Thread 0x0000020063a096a0 Unloading class 0x00000200010dc000 'java/lang/invoke/LambdaForm$MH+0x00000200010dc000'
Event: 148.719 Thread 0x0000020063a096a0 Unloading class 0x00000200010c9800 'java/lang/invoke/LambdaForm$MH+0x00000200010c9800'
Event: 148.719 Thread 0x0000020063a096a0 Unloading class 0x00000200010c3000 'jdk/internal/reflect/GeneratedSerializationConstructorAccessor3'
Event: 148.719 Thread 0x0000020063a096a0 Unloading class 0x00000200010c2c00 'jdk/internal/reflect/GeneratedSerializationConstructorAccessor2'
Event: 148.719 Thread 0x0000020063a096a0 Unloading class 0x00000200010c2800 'jdk/internal/reflect/GeneratedSerializationConstructorAccessor1'
Event: 148.719 Thread 0x0000020063a096a0 Unloading class 0x00000200010c1800 'java/lang/invoke/LambdaForm$DMH+0x00000200010c1800'
Event: 148.719 Thread 0x0000020063a096a0 Unloading class 0x00000200010c1000 'java/lang/invoke/LambdaForm$DMH+0x00000200010c1000'
Event: 148.719 Thread 0x0000020063a096a0 Unloading class 0x00000200010c0800 'java/lang/invoke/LambdaForm$MH+0x00000200010c0800'
Event: 148.719 Thread 0x0000020063a096a0 Unloading class 0x00000200010c0400 'java/lang/invoke/LambdaForm$DMH+0x00000200010c0400'
Event: 148.719 Thread 0x0000020063a096a0 Unloading class 0x00000200010c0000 'java/lang/invoke/LambdaForm$DMH+0x00000200010c0000'
Event: 148.719 Thread 0x0000020063a096a0 Unloading class 0x000002000100b800 'java/lang/invoke/LambdaForm$MH+0x000002000100b800'
Event: 148.719 Thread 0x0000020063a096a0 Unloading class 0x000002000100ac00 'java/lang/invoke/LambdaForm$MH+0x000002000100ac00'
Event: 148.719 Thread 0x0000020063a096a0 Unloading class 0x000002000100a800 'java/lang/invoke/LambdaForm$MH+0x000002000100a800'
Event: 148.719 Thread 0x0000020063a096a0 Unloading class 0x000002000100a400 'java/lang/invoke/LambdaForm$MH+0x000002000100a400'
Event: 148.719 Thread 0x0000020063a096a0 Unloading class 0x0000020001008000 'java/lang/invoke/LambdaForm$MH+0x0000020001008000'
Event: 148.719 Thread 0x0000020063a096a0 Unloading class 0x0000020001007c00 'java/lang/invoke/LambdaForm$MH+0x0000020001007c00'
Event: 148.719 Thread 0x0000020063a096a0 Unloading class 0x0000020001004000 'java/lang/invoke/LambdaForm$MH+0x0000020001004000'
Event: 148.719 Thread 0x0000020063a096a0 Unloading class 0x0000020001003c00 'java/lang/invoke/LambdaForm$MH+0x0000020001003c00'
Event: 148.719 Thread 0x0000020063a096a0 Unloading class 0x0000020001003800 'java/lang/invoke/LambdaForm$MH+0x0000020001003800'
Event: 148.719 Thread 0x0000020063a096a0 Unloading class 0x0000020001003400 'java/lang/invoke/LambdaForm$MH+0x0000020001003400'

Classes redefined (0 events):
No events

Internal exceptions (20 events):
Event: 5.201 Thread 0x0000020069098200 Exception <a 'java/lang/NoSuchMethodError'{0x00000007061bfa28}: 'void java.lang.invoke.DirectMethodHandle$Holder.invokeVirtual(java.lang.Object, java.lang.Object, long)'> (0x00000007061bfa28) 
thrown [s\src\hotspot\share\interpreter\linkResolver.cpp, line 773]
Event: 5.234 Thread 0x0000020069098200 Exception <a 'java/lang/NoSuchMethodError'{0x000000070581f400}: 'int java.lang.invoke.DirectMethodHandle$Holder.invokeStaticInit(java.lang.Object, java.lang.Object, java.lang.Object, java.lang.Object)'> (0x000000070581f400) 
thrown [s\src\hotspot\share\interpreter\linkResolver.cpp, line 773]
Event: 5.252 Thread 0x0000020069098200 Exception <a 'java/lang/NoSuchMethodError'{0x00000007056cabd0}: 'java.lang.Object java.lang.invoke.Invokers$Holder.invoke_MT(java.lang.Object, java.lang.Object, java.lang.Object, java.lang.Object, java.lang.Object, java.lang.Object, java.lang.Object, java.lang.Object, java.lang.Object)'> (0x00000007056cabd0) 
thrown [s\src\hotspot\share\interpreter\linkResolver.cpp, line 773]
Event: 5.277 Thread 0x0000020069098200 Exception <a 'java/lang/IncompatibleClassChangeError'{0x00000007055a03d0}: Found class java.lang.Object, but interface was expected> (0x00000007055a03d0) 
thrown [s\src\hotspot\share\interpreter\linkResolver.cpp, line 840]
Event: 5.296 Thread 0x0000020069098200 Exception <a 'java/lang/NoSuchMethodError'{0x000000070505f810}: 'java.lang.Object java.lang.invoke.Invokers$Holder.invoke_MT(java.lang.Object, java.lang.Object, java.lang.Object, java.lang.Object, java.lang.Object, java.lang.Object, java.lang.Object, java.lang.Object, java.lang.Object, java.lang.Object, java.lang.Object)'> (0x000000070505f810) 
thrown [s\src\hotspot\share\interpreter\linkResolver.cpp, line 773]
Event: 5.353 Thread 0x0000020069098200 Exception <a 'java/lang/NoSuchMethodError'{0x0000000704a63270}: 'java.lang.Object java.lang.invoke.DirectMethodHandle$Holder.newInvokeSpecial(java.lang.Object, java.lang.Object, int, java.lang.Object, java.lang.Object)'> (0x0000000704a63270) 
thrown [s\src\hotspot\share\interpreter\linkResolver.cpp, line 773]
Event: 5.707 Thread 0x000002006923ac30 Exception <a 'java/lang/NoSuchMethodError'{0x00000007040086c8}: 'java.lang.Object java.lang.invoke.DirectMethodHandle$Holder.invokeInterface(java.lang.Object, java.lang.Object, java.lang.Object, java.lang.Object, java.lang.Object, java.lang.Object, java.lang.Object)'> (0x00000007040086c8) 
thrown [s\src\hotspot\share\interpreter\linkResolver.cpp, line 773]
Event: 148.709 Thread 0x00000200691a5190 Exception <a 'java/lang/InterruptedException'{0x0000000709c342a8}: sleep interrupted> (0x0000000709c342a8) 
thrown [s\src\hotspot\share\prims\jvm.cpp, line 3074]
Event: 148.762 Thread 0x000002006bdc95e0 Exception <a 'sun/nio/fs/WindowsException'{0x0000000706ec6f68}> (0x0000000706ec6f68) 
thrown [s\src\hotspot\share\prims\jni.cpp, line 520]
Event: 149.038 Thread 0x000002006bdc95e0 Exception <a 'java/lang/NoClassDefFoundError'{0x00000007055ae9e0}: org/flywaydb/core/Flyway> (0x00000007055ae9e0) 
thrown [s\src\hotspot\share\oops\constantPool.cpp, line 873]
Event: 150.647 Thread 0x000002006bdc95e0 Exception <a 'java/lang/NoClassDefFoundError'{0x00000007055af040}: liquibase/integration/spring/SpringLiquibase> (0x00000007055af040) 
thrown [s\src\hotspot\share\oops\constantPool.cpp, line 873]
Event: 150.651 Thread 0x000002006bdc95e0 Exception <a 'java/lang/NoClassDefFoundError'{0x00000007055dadf0}: org/jooq/DSLContext> (0x00000007055dadf0) 
thrown [s\src\hotspot\share\oops\constantPool.cpp, line 873]
Event: 150.654 Thread 0x000002006bdc95e0 Exception <a 'java/lang/NoClassDefFoundError'{0x0000000705234b30}: org/springframework/batch/core/repository/JobRepository> (0x0000000705234b30) 
thrown [s\src\hotspot\share\oops\constantPool.cpp, line 873]
Event: 150.655 Thread 0x000002006bdc95e0 Exception <a 'java/lang/NoClassDefFoundError'{0x0000000705235188}: org/quartz/Scheduler> (0x0000000705235188) 
thrown [s\src\hotspot\share\oops\constantPool.cpp, line 873]
Event: 150.656 Thread 0x000002006bdc95e0 Exception <a 'java/lang/NoClassDefFoundError'{0x0000000705235808}: org/springframework/session/jdbc/JdbcIndexedSessionRepository> (0x0000000705235808) 
thrown [s\src\hotspot\share\oops\constantPool.cpp, line 873]
Event: 150.666 Thread 0x000002006bdc95e0 Exception <a 'java/lang/NoSuchMethodError'{0x00000007053134a8}: 'void java.lang.invoke.DelegatingMethodHandle$Holder.reinvoke_L(java.lang.Object, java.lang.Object, int)'> (0x00000007053134a8) 
thrown [s\src\hotspot\share\interpreter\linkResolver.cpp, line 773]
Event: 150.713 Thread 0x000002006bdc95e0 Exception <a 'java/lang/NoSuchMethodError'{0x0000000704db3448}: 'int java.lang.invoke.DirectMethodHandle$Holder.invokeVirtual(java.lang.Object, java.lang.Object, java.lang.Object, java.lang.Object)'> (0x0000000704db3448) 
thrown [s\src\hotspot\share\interpreter\linkResolver.cpp, line 773]
Event: 150.714 Thread 0x000002006bdc95e0 Exception <a 'java/lang/NoSuchMethodError'{0x0000000704db6a40}: 'int java.lang.invoke.DelegatingMethodHandle$Holder.reinvoke_L(java.lang.Object, java.lang.Object, java.lang.Object, java.lang.Object)'> (0x0000000704db6a40) 
thrown [s\src\hotspot\share\interpreter\linkResolver.cpp, line 773]
Event: 150.718 Thread 0x000002006bdc95e0 Exception <a 'java/io/FileNotFoundException'{0x0000000704dfaac8}> (0x0000000704dfaac8) 
thrown [s\src\hotspot\share\prims\jni.cpp, line 520]
Event: 150.735 Thread 0x000002006bdc95e0 Exception <a 'java/io/FileNotFoundException'{0x0000000704bc7168}> (0x0000000704bc7168) 
thrown [s\src\hotspot\share\prims\jni.cpp, line 520]

ZGC Phase Switch (0 events):
No events

VM Operations (20 events):
Event: 260.984 Executing VM operation: ChangeSingleStep done
Event: 261.072 Executing VM operation: get/set locals
Event: 261.072 Executing VM operation: get/set locals done
Event: 261.073 Executing VM operation: get/set locals
Event: 261.073 Executing VM operation: get/set locals done
Event: 261.073 Executing VM operation: get/set locals
Event: 261.073 Executing VM operation: get/set locals done
Event: 261.073 Executing VM operation: get/set locals
Event: 261.073 Executing VM operation: get/set locals done
Event: 261.074 Executing VM operation: get/set locals
Event: 261.074 Executing VM operation: get/set locals done
Event: 261.074 Executing VM operation: get/set locals
Event: 261.074 Executing VM operation: get/set locals done
Event: 261.074 Executing VM operation: get/set locals
Event: 261.074 Executing VM operation: get/set locals done
Event: 261.075 Executing VM operation: get/set locals
Event: 261.075 Executing VM operation: get/set locals done
Event: 264.098 Executing VM operation: Cleanup
Event: 264.098 Executing VM operation: Cleanup done
Event: 301.023 Executing VM operation: G1CollectForAllocation (G1 Evacuation Pause)

Memory protections (0 events):
No events

Nmethod flushes (20 events):
Event: 4.049 Thread 0x0000020063a096a0 flushing  nmethod 0x0000020059f10710
Event: 4.049 Thread 0x0000020063a096a0 flushing  nmethod 0x0000020059c2b110
Event: 4.049 Thread 0x0000020063a096a0 flushing  nmethod 0x0000020059d8c090
Event: 4.049 Thread 0x0000020063a096a0 flushing  nmethod 0x0000020059e3c790
Event: 4.049 Thread 0x0000020063a096a0 flushing  nmethod 0x0000020059fc3410
Event: 148.726 Thread 0x0000020063a096a0 flushing  nmethod 0x0000020059e7e910
Event: 148.726 Thread 0x0000020063a096a0 flushing  nmethod 0x0000020059e7f390
Event: 148.726 Thread 0x0000020063a096a0 flushing  nmethod 0x0000020059ec6b90
Event: 148.726 Thread 0x0000020063a096a0 flushing  nmethod 0x000002005a098e90
Event: 148.726 Thread 0x0000020063a096a0 flushing  nmethod 0x0000020059e41f90
Event: 148.726 Thread 0x0000020063a096a0 flushing  nmethod 0x000002005a057290
Event: 148.726 Thread 0x0000020063a096a0 flushing  nmethod 0x0000020059a0b790
Event: 148.726 Thread 0x0000020063a096a0 flushing  nmethod 0x0000020059fbca90
Event: 148.726 Thread 0x0000020063a096a0 flushing  nmethod 0x0000020059fbce10
Event: 148.726 Thread 0x0000020063a096a0 flushing  nmethod 0x000002005a01e210
Event: 148.726 Thread 0x0000020063a096a0 flushing  nmethod 0x000002005a0fc810
Event: 148.726 Thread 0x0000020063a096a0 flushing  nmethod 0x000002005989b290
Event: 148.726 Thread 0x0000020063a096a0 flushing  nmethod 0x000002005a025290
Event: 148.726 Thread 0x0000020063a096a0 flushing  nmethod 0x000002005a0a6910
Event: 148.726 Thread 0x0000020063a096a0 flushing  nmethod 0x000002005a0a7190

Events (20 events):
Event: 148.699 Thread 0x00000200691a6540 Thread exited: 0x00000200691a6540
Event: 148.705 Thread 0x000002006bdc6e80 Thread exited: 0x000002006bdc6e80
Event: 148.709 Thread 0x00000200691a5820 Thread exited: 0x00000200691a5820
Event: 148.709 Thread 0x00000200691a5190 Thread exited: 0x00000200691a5190
Event: 148.709 Thread 0x00000200691a7f80 Thread exited: 0x00000200691a7f80
Event: 148.750 Thread 0x000002006bdc8f50 Thread added: 0x000002006bdc95e0
Event: 148.750 Thread 0x000002006bdc95e0 Thread exited: 0x000002006bdc95e0
Event: 148.751 Thread 0x000002006bdc8f50 Thread added: 0x000002006bdc95e0
Event: 148.805 Thread 0x0000020063a370b0 Thread added: 0x00000200680e5730
Event: 148.809 Thread 0x000002006bdc95e0 Thread added: 0x000002006bdc67f0
Event: 148.839 Thread 0x000002006bdc67f0 Thread exited: 0x000002006bdc67f0
Event: 150.679 Thread 0x0000020063a370b0 Thread added: 0x00000200680e64d0
Event: 150.736 Thread 0x000002006bdc95e0 Thread added: 0x000002006bdc6160
Event: 150.736 Thread 0x000002006bdc95e0 Thread added: 0x000002006bdcb020
Event: 150.736 Thread 0x000002006bdc95e0 Thread added: 0x000002006bdc9c70
Event: 150.779 Thread 0x000002006bdc95e0 Thread added: 0x000002006bdc7ba0
Event: 150.884 Thread 0x000002006bdc7ba0 Thread added: 0x000002006bdc67f0
Event: 156.262 Thread 0x00000200680e64d0 Thread exited: 0x00000200680e64d0
Event: 156.278 Thread 0x00000200680e5730 Thread exited: 0x00000200680e5730
Event: 156.309 Thread 0x000002006bdc67f0 Thread exited: 0x000002006bdc67f0


Dynamic libraries:
0x00007ff6137a0000 - 0x00007ff6137ae000 	G:\JAVA SOFTWER\softwer tools\sts-4.27.0.RELEASE\plugins\org.eclipse.justj.openjdk.hotspot.jre.full.win32.x86_64_21.0.5.v20241023-1957\jre\bin\javaw.exe
0x00007ffd20ba0000 - 0x00007ffd20da9000 	C:\Windows\SYSTEM32\ntdll.dll
0x00007ffd1eae0000 - 0x00007ffd1eb9d000 	C:\Windows\System32\KERNEL32.DLL
0x00007ffd1e100000 - 0x00007ffd1e484000 	C:\Windows\System32\KERNELBASE.dll
0x00007ffd1e810000 - 0x00007ffd1e921000 	C:\Windows\System32\ucrtbase.dll
0x00007ffd03640000 - 0x00007ffd03658000 	G:\JAVA SOFTWER\softwer tools\sts-4.27.0.RELEASE\plugins\org.eclipse.justj.openjdk.hotspot.jre.full.win32.x86_64_21.0.5.v20241023-1957\jre\bin\jli.dll
0x00007ffd05d40000 - 0x00007ffd05d5e000 	G:\JAVA SOFTWER\softwer tools\sts-4.27.0.RELEASE\plugins\org.eclipse.justj.openjdk.hotspot.jre.full.win32.x86_64_21.0.5.v20241023-1957\jre\bin\VCRUNTIME140.dll
0x00007ffd1fa50000 - 0x00007ffd1fbfd000 	C:\Windows\System32\USER32.dll
0x00007ffd0e270000 - 0x00007ffd0e515000 	C:\Windows\WinSxS\amd64_microsoft.windows.common-controls_6595b64144ccf1df_6.0.22000.120_none_9d947278b86cc467\COMCTL32.dll
0x00007ffd1e030000 - 0x00007ffd1e056000 	C:\Windows\System32\win32u.dll
0x00007ffd1f1a0000 - 0x00007ffd1f1ca000 	C:\Windows\System32\GDI32.dll
0x00007ffd1f600000 - 0x00007ffd1f6a3000 	C:\Windows\System32\msvcrt.dll
0x00007ffd1e680000 - 0x00007ffd1e79e000 	C:\Windows\System32\gdi32full.dll
0x00007ffd1e060000 - 0x00007ffd1e0fd000 	C:\Windows\System32\msvcp_win.dll
0x00007ffd1ebe0000 - 0x00007ffd1ec11000 	C:\Windows\System32\IMM32.DLL
0x00007ffd0fa40000 - 0x00007ffd0fa4c000 	G:\JAVA SOFTWER\softwer tools\sts-4.27.0.RELEASE\plugins\org.eclipse.justj.openjdk.hotspot.jre.full.win32.x86_64_21.0.5.v20241023-1957\jre\bin\vcruntime140_1.dll
0x00007ffcebf90000 - 0x00007ffcec01d000 	G:\JAVA SOFTWER\softwer tools\sts-4.27.0.RELEASE\plugins\org.eclipse.justj.openjdk.hotspot.jre.full.win32.x86_64_21.0.5.v20241023-1957\jre\bin\msvcp140.dll
0x00007ffce7520000 - 0x00007ffce82af000 	G:\JAVA SOFTWER\softwer tools\sts-4.27.0.RELEASE\plugins\org.eclipse.justj.openjdk.hotspot.jre.full.win32.x86_64_21.0.5.v20241023-1957\jre\bin\server\jvm.dll
0x00007ffd20110000 - 0x00007ffd201be000 	C:\Windows\System32\ADVAPI32.dll
0x00007ffd202f0000 - 0x00007ffd2038e000 	C:\Windows\System32\sechost.dll
0x00007ffd201c0000 - 0x00007ffd202e1000 	C:\Windows\System32\RPCRT4.dll
0x00007ffd1f9e0000 - 0x00007ffd1fa4f000 	C:\Windows\System32\WS2_32.dll
0x00007ffd1d040000 - 0x00007ffd1d08d000 	C:\Windows\SYSTEM32\POWRPROF.dll
0x00007ffd0dd50000 - 0x00007ffd0dd83000 	C:\Windows\SYSTEM32\WINMM.dll
0x00007ffd169a0000 - 0x00007ffd169aa000 	C:\Windows\SYSTEM32\VERSION.dll
0x00007ffd1d020000 - 0x00007ffd1d033000 	C:\Windows\SYSTEM32\UMPDC.dll
0x00007ffd1d190000 - 0x00007ffd1d1a8000 	C:\Windows\SYSTEM32\kernel.appcore.dll
0x00007ffd18f90000 - 0x00007ffd18f9a000 	G:\JAVA SOFTWER\softwer tools\sts-4.27.0.RELEASE\plugins\org.eclipse.justj.openjdk.hotspot.jre.full.win32.x86_64_21.0.5.v20241023-1957\jre\bin\jimage.dll
0x00007ffd0c740000 - 0x00007ffd0c961000 	C:\Windows\SYSTEM32\DBGHELP.DLL
0x00007ffd05e00000 - 0x00007ffd05e31000 	C:\Windows\SYSTEM32\dbgcore.DLL
0x00007ffd1e600000 - 0x00007ffd1e67f000 	C:\Windows\System32\bcryptPrimitives.dll
0x00007ffd021d0000 - 0x00007ffd0220c000 	G:\JAVA SOFTWER\softwer tools\sts-4.27.0.RELEASE\plugins\org.eclipse.justj.openjdk.hotspot.jre.full.win32.x86_64_21.0.5.v20241023-1957\jre\bin\jdwp.dll
0x00007ffd156e0000 - 0x00007ffd156ef000 	G:\JAVA SOFTWER\softwer tools\sts-4.27.0.RELEASE\plugins\org.eclipse.justj.openjdk.hotspot.jre.full.win32.x86_64_21.0.5.v20241023-1957\jre\bin\instrument.dll
0x00007ffd116d0000 - 0x00007ffd116ef000 	G:\JAVA SOFTWER\softwer tools\sts-4.27.0.RELEASE\plugins\org.eclipse.justj.openjdk.hotspot.jre.full.win32.x86_64_21.0.5.v20241023-1957\jre\bin\java.dll
0x00007ffd20390000 - 0x00007ffd20b55000 	C:\Windows\System32\SHELL32.dll
0x00007ffd1c100000 - 0x00007ffd1c962000 	C:\Windows\SYSTEM32\windows.storage.dll
0x00007ffd1f280000 - 0x00007ffd1f5f6000 	C:\Windows\System32\combase.dll
0x00007ffd1bf90000 - 0x00007ffd1c0f7000 	C:\Windows\SYSTEM32\wintypes.dll
0x00007ffd1fc00000 - 0x00007ffd1fcea000 	C:\Windows\System32\SHCORE.dll
0x00007ffd1ffb0000 - 0x00007ffd2000d000 	C:\Windows\System32\shlwapi.dll
0x00007ffd1df60000 - 0x00007ffd1df85000 	C:\Windows\SYSTEM32\profapi.dll
0x00007ffd02790000 - 0x00007ffd027a8000 	G:\JAVA SOFTWER\softwer tools\sts-4.27.0.RELEASE\plugins\org.eclipse.justj.openjdk.hotspot.jre.full.win32.x86_64_21.0.5.v20241023-1957\jre\bin\zip.dll
0x00007ffd1a600000 - 0x00007ffd1a60b000 	G:\JAVA SOFTWER\softwer tools\sts-4.27.0.RELEASE\plugins\org.eclipse.justj.openjdk.hotspot.jre.full.win32.x86_64_21.0.5.v20241023-1957\jre\bin\dt_socket.dll
0x00007ffd1cbc0000 - 0x00007ffd1cbed000 	C:\Windows\SYSTEM32\IPHLPAPI.DLL
0x00007ffd1d640000 - 0x00007ffd1d6a7000 	C:\Windows\system32\mswsock.dll
0x00007ffd1cbf0000 - 0x00007ffd1ccd7000 	C:\Windows\SYSTEM32\DNSAPI.dll
0x00007ffd20010000 - 0x00007ffd20019000 	C:\Windows\System32\NSI.dll
0x00007ffd0f760000 - 0x00007ffd0f76a000 	C:\Windows\System32\rasadhlp.dll
0x00007ffd169f0000 - 0x00007ffd16a71000 	C:\Windows\System32\fwpuclnt.dll
0x00007ffd116c0000 - 0x00007ffd116d0000 	G:\JAVA SOFTWER\softwer tools\sts-4.27.0.RELEASE\plugins\org.eclipse.justj.openjdk.hotspot.jre.full.win32.x86_64_21.0.5.v20241023-1957\jre\bin\net.dll
0x00007ffd18ad0000 - 0x00007ffd18be4000 	C:\Windows\SYSTEM32\WINHTTP.dll
0x00007ffd02770000 - 0x00007ffd02786000 	G:\JAVA SOFTWER\softwer tools\sts-4.27.0.RELEASE\plugins\org.eclipse.justj.openjdk.hotspot.jre.full.win32.x86_64_21.0.5.v20241023-1957\jre\bin\nio.dll
0x00007ffd0ea70000 - 0x00007ffd0ea7a000 	G:\JAVA SOFTWER\softwer tools\sts-4.27.0.RELEASE\plugins\org.eclipse.justj.openjdk.hotspot.jre.full.win32.x86_64_21.0.5.v20241023-1957\jre\bin\management.dll
0x00007ffd05d30000 - 0x00007ffd05d3b000 	G:\JAVA SOFTWER\softwer tools\sts-4.27.0.RELEASE\plugins\org.eclipse.justj.openjdk.hotspot.jre.full.win32.x86_64_21.0.5.v20241023-1957\jre\bin\management_ext.dll
0x00007ffd1ebd0000 - 0x00007ffd1ebd8000 	C:\Windows\System32\PSAPI.DLL
0x00007ffd01cb0000 - 0x00007ffd01cc7000 	C:\Windows\system32\napinsp.dll
0x00007ffd00b30000 - 0x00007ffd00b4b000 	C:\Windows\system32\pnrpnsp.dll
0x00007ffd00b10000 - 0x00007ffd00b22000 	C:\Windows\System32\winrnr.dll
0x00007ffd169b0000 - 0x00007ffd169c5000 	C:\Windows\system32\wshbth.dll
0x00007ffd00af0000 - 0x00007ffd00b0f000 	C:\Windows\system32\nlansp_c.dll
0x00007ffd1d880000 - 0x00007ffd1d898000 	C:\Windows\SYSTEM32\CRYPTSP.dll
0x00007ffd1d0f0000 - 0x00007ffd1d125000 	C:\Windows\system32\rsaenh.dll
0x00007ffd1d730000 - 0x00007ffd1d75c000 	C:\Windows\SYSTEM32\USERENV.dll
0x00007ffd1da00000 - 0x00007ffd1da27000 	C:\Windows\SYSTEM32\bcrypt.dll
0x00007ffd1d8a0000 - 0x00007ffd1d8ac000 	C:\Windows\SYSTEM32\CRYPTBASE.dll
0x00007ffd0f380000 - 0x00007ffd0f389000 	G:\JAVA SOFTWER\softwer tools\sts-4.27.0.RELEASE\plugins\org.eclipse.justj.openjdk.hotspot.jre.full.win32.x86_64_21.0.5.v20241023-1957\jre\bin\extnet.dll
0x00007ffd10fd0000 - 0x00007ffd10fe0000 	G:\JAVA SOFTWER\softwer tools\sts-4.27.0.RELEASE\plugins\org.eclipse.justj.openjdk.hotspot.jre.full.win32.x86_64_21.0.5.v20241023-1957\jre\bin\verify.dll
0x00007ffd10530000 - 0x00007ffd1053e000 	G:\JAVA SOFTWER\softwer tools\sts-4.27.0.RELEASE\plugins\org.eclipse.justj.openjdk.hotspot.jre.full.win32.x86_64_21.0.5.v20241023-1957\jre\bin\sunmscapi.dll
0x00007ffd1e490000 - 0x00007ffd1e5f2000 	C:\Windows\System32\CRYPT32.dll
0x00007ffd1d9d0000 - 0x00007ffd1d9f8000 	C:\Windows\SYSTEM32\ncrypt.dll
0x00007ffd1d990000 - 0x00007ffd1d9c7000 	C:\Windows\SYSTEM32\NTASN1.dll
0x00007ffd05a50000 - 0x00007ffd05a58000 	C:\Windows\system32\wshunix.dll

dbghelp: loaded successfully - version: 4.0.5 - missing functions: none
symbol engine: initialized successfully - sym options: 0x614 - pdb path: .;G:\JAVA SOFTWER\softwer tools\sts-4.27.0.RELEASE\plugins\org.eclipse.justj.openjdk.hotspot.jre.full.win32.x86_64_21.0.5.v20241023-1957\jre\bin;C:\Windows\SYSTEM32;C:\Windows\WinSxS\amd64_microsoft.windows.common-controls_6595b64144ccf1df_6.0.22000.120_none_9d947278b86cc467;G:\JAVA SOFTWER\softwer tools\sts-4.27.0.RELEASE\plugins\org.eclipse.justj.openjdk.hotspot.jre.full.win32.x86_64_21.0.5.v20241023-1957\jre\bin\server

VM Arguments:
jvm_args: -XX:+ShowCodeDetailsInExceptionMessages -agentlib:jdwp=transport=dt_socket,suspend=y,address=localhost:63889 -Dcom.sun.management.jmxremote -Dcom.sun.management.jmxremote.port=63888 -Dcom.sun.management.jmxremote.authenticate=false -Dcom.sun.management.jmxremote.ssl=false -Djava.rmi.server.hostname=localhost -Dspring.jmx.enabled=true -Dmanagement.endpoints.jmx.exposure.include=* -Dspring.application.admin.enabled=true -XX:TieredStopAtLevel=1 -Dspring.boot.project.name=project1 -javaagent:G:\JAVA SOFTWER\softwer tools\sts-4.27.0.RELEASE\configuration\org.eclipse.osgi\275\0\.cp\lib\javaagent-shaded.jar -Dfile.encoding=UTF-8 -Dstdout.encoding=UTF-8 -Dstderr.encoding=UTF-8 
java_command: com.designpoint.project1.Project1Application --spring.output.ansi.enabled=always
java_class_path (initial): G:\JAVA SOFTWER\Project\Project\project1\target\classes;C:\Users\dhamo1\.m2\repository\org\springframework\boot\spring-boot-starter-data-jpa\3.4.4\spring-boot-starter-data-jpa-3.4.4.jar;C:\Users\dhamo1\.m2\repository\org\springframework\boot\spring-boot-starter\3.4.4\spring-boot-starter-3.4.4.jar;C:\Users\dhamo1\.m2\repository\org\springframework\boot\spring-boot-starter-logging\3.4.4\spring-boot-starter-logging-3.4.4.jar;C:\Users\dhamo1\.m2\repository\ch\qos\logback\logback-classic\1.5.18\logback-classic-1.5.18.jar;C:\Users\dhamo1\.m2\repository\ch\qos\logback\logback-core\1.5.18\logback-core-1.5.18.jar;C:\Users\dhamo1\.m2\repository\org\apache\logging\log4j\log4j-to-slf4j\2.24.3\log4j-to-slf4j-2.24.3.jar;C:\Users\dhamo1\.m2\repository\org\apache\logging\log4j\log4j-api\2.24.3\log4j-api-2.24.3.jar;C:\Users\dhamo1\.m2\repository\org\slf4j\jul-to-slf4j\2.0.17\jul-to-slf4j-2.0.17.jar;C:\Users\dhamo1\.m2\repository\jakarta\annotation\jakarta.annotation-api\2.1.1\jakarta.annotation-api-2.1.1.jar;C:\Users\dhamo1\.m2\repository\org\yaml\snakeyaml\2.3\snakeyaml-2.3.jar;C:\Users\dhamo1\.m2\repository\org\springframework\boot\spring-boot-starter-jdbc\3.4.4\spring-boot-starter-jdbc-3.4.4.jar;C:\Users\dhamo1\.m2\repository\com\zaxxer\HikariCP\5.1.0\HikariCP-5.1.0.jar;C:\Users\dhamo1\.m2\repository\org\springframework\spring-jdbc\6.2.5\spring-jdbc-6.2.5.jar;C:\Users\dhamo1\.m2\repository\org\hibernate\orm\hibernate-core\6.6.11.Final\hibernate-core-6.6.11.Final.jar;C:\Users\dhamo1\.m2\repository\jakarta\persistence\jakarta.persistence-api\3.1.0\jakarta.persistence-api-3.1.0.jar;C:\Users\dhamo1\.m2\repository\jakarta\transaction\jakarta.transaction-api\2.0.1\jakarta.transaction-api-2.0.1.jar;C:\Users\dhamo1\.m2\repository\org\jboss\logging\jboss-logging\3.6.1.Final\jboss-logging-3.6.1.Final.jar;C:\Users\dhamo1\.m2\repository\org\hibernate\common\hibernate-commons-annotations\7.0.3.Final\hibernate-commons-annotations-7.0.3.Final.jar;C:\Users\dhamo1\.m2\repository\io\smallrye\jandex\3.2.0\jandex-3.2.0.jar;C:\Users\dhamo1\.m2\repository\com\fasterxml\classmate\1.7.0\classmate-1.7.0.jar;C:\Users\dhamo1\.m2\repository\net\bytebuddy\byte-buddy\1.15.11\byte-buddy-1.15.11.jar;C:\Users\dhamo1\.m2\repository\org\glassfish\jaxb\jaxb-runtime\4.0.5\jaxb-runtime-4.0.5.jar;C:\Users\dhamo1\.m2\repository\org\glassfish\jaxb\jaxb-core\4.0.5\jaxb-core-4.0.5.jar;C:\Users\dhamo1\.m2\repository\org\eclipse\angus\angus-activation\2.0.2\angus-activation-2.0.2.jar;C:\Users\dhamo1\.m2\repository\org\glassfish\jaxb\txw2\4.0.5\txw2-4.0.5.jar;C:\Users\dhamo1\.m2\repository\com\sun\istack\istack-commons-runtime\4.1.2\istack-commons-runtime-4.1.2.jar;C:\Users\dhamo1\.m2\repository\jakarta\inject\jakarta.inject-api\2.0.1\jakarta.inject-api-2.0.1.jar;C:\Users\dhamo1\.m2\repository\org\antlr\antlr4-runtime\4.13.0\antlr4-runtime-4.13.0.jar;C:\Users\dhamo1\.m2\repository\org\springframework\data\spring-data-jpa\3.4.4\spring-data-jpa-3.4.4.jar;C:\Users\dhamo1\.m2\repository\org\springframework\data\spring-data-commons\3.4.4\spring-data-commons-3.4.4.jar;C:\Users\dhamo1\.m2\repository\org\springframework\spring-orm\6.2.5\spring-orm-6.2.5.jar;C:\Users\dhamo1\.m2\repository\org\springframework\spring-context\6.2.5\spring-context-6.2.5.jar;C:\Users\dhamo1\.m2\repository\org\springframework\spring-aop\6.2.5\spring-aop-6.2.5.jar;C:\Users\dhamo1\.m2\repository\org\springframework\spring-tx\6.2.5\spring-tx-6.2.5.jar;C:\Users\dhamo1\.m2\repository\org\springframework\spring-beans\6.2.5\spring-beans-6.2.5.jar;C:\Users\dhamo1\.m2\repository\org\slf4j\slf4j-api\2.0.17\slf4j-api-2.0.17.jar;C:\Users\dhamo1\.m2\repository\org\springframework\spring-aspects\6.2.5\spring-aspects-6.2.5.jar;C:\Users\dhamo1\.m2\repository\org\aspectj\aspectjweaver\1.9.23\aspectjweaver-1.9.23.jar;C:\Users\dhamo1\.m2\repository\org\springframework\boot\spring-boot-starter-web\3.4.4\spring-boot-starter-web-3.4.4.jar;C:\Users\dhamo1\.m2\repository\org\springframework\boot\spring-boot-starter-json\3.4.4\spring-boot-starter-json-3.4.4.jar;C:\Users\dhamo1\.m2\repository\com\fasterxml\jackson\core\jackson-databind\2.18.3\jackson-databind-2.18.3.jar;C:\Users\dhamo1\.m2\repository\com\fasterxml\jackson\core\jackson-annotations\2.18.3\jackson-annotations-2.18.3.jar;C:\Users\dhamo1\.m2\repository\com\fasterxml\jackson\core\jackson-core\2.18.3\jackson-core-2.18.3.jar;C:\Users\dhamo1\.m2\repository\com\fasterxml\jackson\datatype\jackson-datatype-jdk8\2.18.3\jackson-datatype-jdk8-2.18.3.jar;C:\Users\dhamo1\.m2\repository\com\fasterxml\jackson\datatype\jackson-datatype-jsr310\2.18.3\jackson-datatype-jsr310-2.18.3.jar;C:\Users\dhamo1\.m2\repository\com\fasterxml\jackson\module\jackson-module-parameter-names\2.18.3\jackson-module-parameter-names-2.18.3.jar;C:\Users\dhamo1\.m2\repository\org\springframework\boot\spring-boot-starter-tomcat\3.4.4\spring-boot-starter-tomcat-3.4.4.jar;C:\Users\dhamo1\.m2\repository\org\apache\tomcat\embed\tomcat-embed-core\10.1.39\tomcat-embed-core-10.1.39.jar;C:\Users\dhamo1\.m2\repository\org\apache\tomcat\embed\tomcat-embed-websocket\10.1.39\tomcat-embed-websocket-10.1.39.jar;C:\Users\dhamo1\.m2\repository\org\springframework\spring-web\6.2.5\spring-web-6.2.5.jar;C:\Users\dhamo1\.m2\repository\io\micrometer\micrometer-observation\1.14.5\micrometer-observation-1.14.5.jar;C:\Users\dhamo1\.m2\repository\io\micrometer\micrometer-commons\1.14.5\micrometer-commons-1.14.5.jar;C:\Users\dhamo1\.m2\repository\org\springframework\spring-webmvc\6.2.5\spring-webmvc-6.2.5.jar;C:\Users\dhamo1\.m2\repository\org\springframework\spring-expression\6.2.5\spring-expression-6.2.5.jar;C:\Users\dhamo1\.m2\repository\org\springframework\boot\spring-boot-starter-validation\3.4.4\spring-boot-starter-validation-3.4.4.jar;C:\Users\dhamo1\.m2\repository\org\apache\tomcat\embed\tomcat-embed-el\10.1.39\tomcat-embed-el-10.1.39.jar;C:\Users\dhamo1\.m2\repository\org\hibernate\validator\hibernate-validator\8.0.2.Final\hibernate-validator-8.0.2.Final.jar;C:\Users\dhamo1\.m2\repository\jakarta\validation\jakarta.validation-api\3.0.2\jakarta.validation-api-3.0.2.jar;C:\Users\dhamo1\.m2\repository\org\springframework\boot\spring-boot-devtools\3.4.4\spring-boot-devtools-3.4.4.jar;C:\Users\dhamo1\.m2\repository\org\springframework\boot\spring-boot\3.4.4\spring-boot-3.4.4.jar;C:\Users\dhamo1\.m2\repository\org\springframework\boot\spring-boot-autoconfigure\3.4.4\spring-boot-autoconfigure-3.4.4.jar;C:\Users\dhamo1\.m2\repository\com\mysql\mysql-connector-j\9.1.0\mysql-connector-j-9.1.0.jar;C:\Users\dhamo1\.m2\repository\org\projectlombok\lombok\1.18.36\lombok-1.18.36.jar;C:\Users\dhamo1\.m2\repository\jakarta\xml\bind\jakarta.xml.bind-api\4.0.2\jakarta.xml.bind-api-4.0.2.jar;C:\Users\dhamo1\.m2\repository\jakarta\activation\jakarta.activation-api\2.1.3\jakarta.activation-api-2.1.3.jar;C:\Users\dhamo1\.m2\repository\org\springframework\spring-core\6.2.5\spring-core-6.2.5.jar;C:\Users\dhamo1\.m2\repository\org\springframework\spring-jcl\6.2.5\spring-jcl-6.2.5.jar;C:\Users\dhamo1\.m2\repository\org\modelmapper\modelmapper\3.2.2\modelmapper-3.2.2.jar
Launcher Type: SUN_STANDARD

[Global flags]
     intx CICompilerCount                          = 3                                         {product} {ergonomic}
     uint ConcGCThreads                            = 2                                         {product} {ergonomic}
     uint G1ConcRefinementThreads                  = 6                                         {product} {ergonomic}
   size_t G1HeapRegionSize                         = 2097152                                   {product} {ergonomic}
    uintx GCDrainStackTargetSize                   = 64                                        {product} {ergonomic}
   size_t InitialHeapSize                          = 268435456                                 {product} {ergonomic}
     bool ManagementServer                         = true                                      {product} {command line}
   size_t MarkStackSize                            = 4194304                                   {product} {ergonomic}
   size_t MaxHeapSize                              = 4282384384                                {product} {ergonomic}
   size_t MaxNewSize                               = 2569011200                                {product} {ergonomic}
   size_t MinHeapDeltaBytes                        = 2097152                                   {product} {ergonomic}
   size_t MinHeapSize                              = 8388608                                   {product} {ergonomic}
    uintx NonNMethodCodeHeapSize                   = 4096                                   {pd product} {ergonomic}
    uintx NonProfiledCodeHeapSize                  = 0                                      {pd product} {ergonomic}
     bool ProfileInterpreter                       = false                                  {pd product} {command line}
    uintx ProfiledCodeHeapSize                     = 0                                      {pd product} {ergonomic}
     bool ShowCodeDetailsInExceptionMessages       = true                                   {manageable} {command line}
   size_t SoftMaxHeapSize                          = 4282384384                             {manageable} {ergonomic}
     intx TieredStopAtLevel                        = 1                                         {product} {command line}
     bool UseCompressedOops                        = true                           {product lp64_product} {ergonomic}
     bool UseG1GC                                  = true                                      {product} {ergonomic}
     bool UseLargePagesIndividualAllocation        = false                                  {pd product} {ergonomic}

Logging:
Log output configuration:
 #0: stdout all=warning uptime,level,tags foldmultilines=false
 #1: stderr all=off uptime,level,tags foldmultilines=false

Environment Variables:
JAVA_HOME=C:\Program Files\Java\jdk-21
PATH=G:\JAVA SOFTWER\softwer tools\sts-4.27.0.RELEASE\plugins\org.eclipse.justj.openjdk.hotspot.jre.full.win32.x86_64_21.0.5.v20241023-1957\jre\bin;G:/JAVA SOFTWER/softwer tools/sts-4.27.0.RELEASE//plugins/org.eclipse.justj.openjdk.hotspot.jre.full.win32.x86_64_21.0.5.v20241023-1957/jre/bin/server;G:/JAVA SOFTWER/softwer tools/sts-4.27.0.RELEASE//plugins/org.eclipse.justj.openjdk.hotspot.jre.full.win32.x86_64_21.0.5.v20241023-1957/jre/bin;C:\Program Files\Common Files\Oracle\Java\javapath;C:\Windows\system32;C:\Windows;C:\Windows\System32\Wbem;C:\Windows\System32\WindowsPowerShell\v1.0\;C:\Windows\System32\OpenSSH\;C:\Program Files\Filestar;C:\ProgramData\Filestar\aliases;C:\Program Files\Java\jdk-23\bin;C:\Program Files\Java\jdk-23\bin;C:\Users\dhamo1\AppData\Local\Microsoft\WindowsApps;C:\Users\dhamo1\AppData\Local\Programs\Microsoft VS Code\bin;C:\Program Files\Java\jdk-21\bin;;G:\JAVA SOFTWER\softwer tools\sts-4.27.0.RELEASE;
USERNAME=dhamo1
OS=Windows_NT
PROCESSOR_IDENTIFIER=Intel64 Family 6 Model 158 Stepping 10, GenuineIntel
TMP=C:\Users\dhamo1\AppData\Local\Temp
TEMP=C:\Users\dhamo1\AppData\Local\Temp




Periodic native trim disabled

---------------  S Y S T E M  ---------------

OS:
 Windows 11 , 64 bit Build 22000 (10.0.22000.2538)
OS uptime: 1 days 7:49 hours

CPU: total 6 (initial active 6) (6 cores per cpu, 1 threads per core) family 6 model 158 stepping 10 microcode 0xde, cx8, cmov, fxsr, mmx, 3dnowpref, sse, sse2, sse3, ssse3, sse4.1, sse4.2, popcnt, lzcnt, tsc, tscinvbit, avx, avx2, aes, erms, clmul, bmi1, bmi2, adx, fma, vzeroupper, clflush, clflushopt, rdtscp, f16c
Processor Information for all 6 processors :
  Max Mhz: 2808, Current Mhz: 2808, Mhz Limit: 2808

Memory: 4k page, system-wide physical 16330M (8778M free)
TotalPageFile size 26570M (AvailPageFile size 16062M)
current process WorkingSet (physical memory assigned to process): 282M, peak: 289M
current process commit charge ("private bytes"): 312M, peak: 380M

vm_info: OpenJDK 64-Bit Server VM (21.0.5+11-LTS) for windows-amd64 JRE (21.0.5+11-LTS), built on 2024-10-15T00:00:00Z by "admin" with MS VC++ 17.7 (VS2022)

END.
